2025-06-26 12:58:18,602 - root - INFO - 字体服务器初始化完成，发现 0 个字体文件
2025-06-26 12:58:18,603 - root - INFO - 字体服务器启动在 http://0.0.0.0:8889
2025-06-26 12:58:18,603 - root - INFO - API文档: http://0.0.0.0:8889/health
2025-06-26 12:59:28,268 - werkzeug - INFO - 127.0.0.1 - - [26/Jun/2025 12:59:28] "GET /health HTTP/1.1" 200 -
2025-06-26 12:59:29,328 - werkzeug - INFO - 127.0.0.1 - - [26/Jun/2025 12:59:29] "[33mGET /favicon.ico HTTP/1.1[0m" 404 -
2025-06-26 12:59:45,267 - werkzeug - INFO - 127.0.0.1 - - [26/Jun/2025 12:59:45] "GET /health HTTP/1.1" 200 -
2025-06-26 12:59:46,195 - werkzeug - INFO - 127.0.0.1 - - [26/Jun/2025 12:59:46] "[33mGET /favicon.ico HTTP/1.1[0m" 404 -
2025-06-26 12:59:59,133 - werkzeug - INFO - 127.0.0.1 - - [26/Jun/2025 12:59:59] "GET /api/fonts HTTP/1.1" 200 -
2025-06-26 13:03:25,580 - root - INFO - 字体服务器初始化完成，发现 2 个字体文件
2025-06-26 13:03:25,580 - root - INFO - 字体服务器启动在 http://0.0.0.0:8889
2025-06-26 13:03:25,580 - root - INFO - API文档: http://0.0.0.0:8889/health
2025-06-26 13:03:35,280 - werkzeug - INFO - 127.0.0.1 - - [26/Jun/2025 13:03:35] "GET /health HTTP/1.1" 200 -
2025-06-26 13:03:37,326 - werkzeug - INFO - 127.0.0.1 - - [26/Jun/2025 13:03:37] "GET /api/fonts HTTP/1.1" 200 -
2025-06-26 13:03:39,368 - werkzeug - INFO - 127.0.0.1 - - [26/Jun/2025 13:03:39] "GET /api/font/characters/english\\Arial.ttf HTTP/1.1" 200 -
2025-06-26 13:03:41,409 - fontTools.subset - INFO - maxp pruned
2025-06-26 13:03:41,409 - fontTools.subset - INFO - LTSH dropped
2025-06-26 13:03:41,410 - fontTools.subset - INFO - cmap pruned
2025-06-26 13:03:41,412 - fontTools.subset - INFO - kern dropped
2025-06-26 13:03:41,413 - fontTools.subset - INFO - post pruned
2025-06-26 13:03:41,414 - fontTools.subset - INFO - PCLT dropped
2025-06-26 13:03:41,414 - fontTools.subset - INFO - JSTF dropped
2025-06-26 13:03:41,415 - fontTools.subset - INFO - DSIG dropped
2025-06-26 13:03:41,560 - fontTools.subset - INFO - GPOS pruned
2025-06-26 13:03:41,577 - fontTools.subset - INFO - GSUB pruned
2025-06-26 13:03:41,579 - fontTools.subset - INFO - glyf pruned
2025-06-26 13:03:41,581 - fontTools.subset - INFO - Added gid0 to subset
2025-06-26 13:03:41,582 - fontTools.subset - INFO - Closing glyph list over 'GSUB': 6 glyphs before
2025-06-26 13:03:41,582 - fontTools.subset - INFO - Glyph names: ['.notdef', 'H', 'e', 'exclam', 'l', 'o']
2025-06-26 13:03:41,582 - fontTools.subset - INFO - Glyph IDs:   [0, 4, 43, 72, 79, 82]
2025-06-26 13:03:41,584 - fontTools.subset - INFO - Closed glyph list over 'GSUB': 15 glyphs after
2025-06-26 13:03:41,584 - fontTools.subset - INFO - Glyph names: ['.notdef', 'H', 'L', 'O', 'e', 'exclam', 'glyph03446', 'glyph03456', 'glyph03463', 'glyph03469', 'glyph03472', 'glyph03476', 'glyph03479', 'l', 'o']
2025-06-26 13:03:41,585 - fontTools.subset - INFO - Glyph IDs:   [0, 4, 43, 47, 50, 72, 79, 82, 3446, 3456, 3463, 3469, 3472, 3476, 3479]
2025-06-26 13:03:41,585 - fontTools.subset - INFO - Closing glyph list over 'glyf': 15 glyphs before
2025-06-26 13:03:41,585 - fontTools.subset - INFO - Glyph names: ['.notdef', 'H', 'L', 'O', 'e', 'exclam', 'glyph03446', 'glyph03456', 'glyph03463', 'glyph03469', 'glyph03472', 'glyph03476', 'glyph03479', 'l', 'o']
2025-06-26 13:03:41,585 - fontTools.subset - INFO - Glyph IDs:   [0, 4, 43, 47, 50, 72, 79, 82, 3446, 3456, 3463, 3469, 3472, 3476, 3479]
2025-06-26 13:03:41,585 - fontTools.subset - INFO - Closed glyph list over 'glyf': 15 glyphs after
2025-06-26 13:03:41,585 - fontTools.subset - INFO - Glyph names: ['.notdef', 'H', 'L', 'O', 'e', 'exclam', 'glyph03446', 'glyph03456', 'glyph03463', 'glyph03469', 'glyph03472', 'glyph03476', 'glyph03479', 'l', 'o']
2025-06-26 13:03:41,585 - fontTools.subset - INFO - Glyph IDs:   [0, 4, 43, 47, 50, 72, 79, 82, 3446, 3456, 3463, 3469, 3472, 3476, 3479]
2025-06-26 13:03:41,586 - fontTools.subset - INFO - Retaining 15 glyphs
2025-06-26 13:03:41,586 - fontTools.subset - INFO - head subsetting not needed
2025-06-26 13:03:41,586 - fontTools.subset - INFO - hhea subsetting not needed
2025-06-26 13:03:41,586 - fontTools.subset - INFO - maxp subsetting not needed
2025-06-26 13:03:41,586 - fontTools.subset - INFO - OS/2 subsetting not needed
2025-06-26 13:03:41,588 - fontTools.subset - INFO - hmtx subsetted
2025-06-26 13:03:41,588 - fontTools.subset - INFO - VDMX subsetting not needed
2025-06-26 13:03:41,590 - fontTools.subset - INFO - hdmx subsetted
2025-06-26 13:03:41,591 - fontTools.subset - INFO - cmap subsetted
2025-06-26 13:03:41,591 - fontTools.subset - INFO - fpgm subsetting not needed
2025-06-26 13:03:41,591 - fontTools.subset - INFO - prep subsetting not needed
2025-06-26 13:03:41,591 - fontTools.subset - INFO - cvt  subsetting not needed
2025-06-26 13:03:41,591 - fontTools.subset - INFO - loca subsetting not needed
2025-06-26 13:03:41,591 - fontTools.subset - INFO - post subsetted
2025-06-26 13:03:41,591 - fontTools.subset - INFO - gasp subsetting not needed
2025-06-26 13:03:41,592 - fontTools.subset - WARNING - meta NOT subset; don't know how to subset; dropped
2025-06-26 13:03:41,593 - fontTools.subset - INFO - GDEF subsetted
2025-06-26 13:03:41,598 - fontTools.subset - INFO - GPOS subsetted
2025-06-26 13:03:41,599 - fontTools.subset - INFO - GSUB subsetted
2025-06-26 13:03:41,600 - fontTools.subset - INFO - name subsetting not needed
2025-06-26 13:03:41,600 - fontTools.subset - INFO - glyf subsetted
2025-06-26 13:03:41,601 - fontTools.subset - INFO - head pruned
2025-06-26 13:03:41,601 - fontTools.subset - INFO - OS/2 Unicode ranges pruned: [0]
2025-06-26 13:03:41,601 - fontTools.subset - INFO - OS/2 CodePage ranges pruned: [0]
2025-06-26 13:03:41,602 - fontTools.subset - INFO - glyf pruned
2025-06-26 13:03:41,602 - fontTools.subset - INFO - GDEF pruned
2025-06-26 13:03:41,602 - fontTools.subset - INFO - GPOS pruned
2025-06-26 13:03:41,603 - fontTools.subset - INFO - GSUB pruned
2025-06-26 13:03:41,607 - fontTools.subset - INFO - name pruned
2025-06-26 13:03:41,619 - root - INFO - 成功创建字体子集: 5 个字符, 格式: ttf
2025-06-26 13:03:41,620 - root - INFO - 缓存字体文件: d1237a44befbdd93d6dd0f4857bc738f -> d1237a44befbdd93d6dd0f4857bc738f_1750914221.ttf
2025-06-26 13:03:41,625 - werkzeug - INFO - 127.0.0.1 - - [26/Jun/2025 13:03:41] "POST /api/font/subset/english\\Arial.ttf HTTP/1.1" 200 -
2025-06-26 13:03:43,663 - werkzeug - INFO - 127.0.0.1 - - [26/Jun/2025 13:03:43] "GET /api/stats HTTP/1.1" 200 -
2025-06-26 13:03:45,687 - werkzeug - INFO - 127.0.0.1 - - [26/Jun/2025 13:03:45] "GET /health HTTP/1.1" 200 -
2025-06-26 13:03:47,711 - werkzeug - INFO - 127.0.0.1 - - [26/Jun/2025 13:03:47] "GET /api/fonts HTTP/1.1" 200 -
2025-06-26 13:03:49,738 - werkzeug - INFO - 127.0.0.1 - - [26/Jun/2025 13:03:49] "GET /api/font/characters/english\\Arial.ttf HTTP/1.1" 200 -
2025-06-26 13:03:51,756 - fontTools.subset - INFO - maxp pruned
2025-06-26 13:03:51,757 - fontTools.subset - INFO - LTSH dropped
2025-06-26 13:03:51,757 - fontTools.subset - INFO - cmap pruned
2025-06-26 13:03:51,758 - fontTools.subset - INFO - kern dropped
2025-06-26 13:03:51,758 - fontTools.subset - INFO - post pruned
2025-06-26 13:03:51,758 - fontTools.subset - INFO - PCLT dropped
2025-06-26 13:03:51,758 - fontTools.subset - INFO - JSTF dropped
2025-06-26 13:03:51,758 - fontTools.subset - INFO - DSIG dropped
2025-06-26 13:03:51,898 - fontTools.subset - INFO - GPOS pruned
2025-06-26 13:03:51,917 - fontTools.subset - INFO - GSUB pruned
2025-06-26 13:03:51,920 - fontTools.subset - INFO - glyf pruned
2025-06-26 13:03:51,922 - fontTools.subset - INFO - Added gid0 to subset
2025-06-26 13:03:51,923 - fontTools.subset - INFO - Closing glyph list over 'GSUB': 18 glyphs before
2025-06-26 13:03:51,923 - fontTools.subset - INFO - Glyph names: ['.notdef', 'F', 'H', 'S', 'W', 'c', 'd', 'e', 'exclam', 'l', 'm', 'n', 'o', 'period', 'r', 'space', 't', 'v']
2025-06-26 13:03:51,923 - fontTools.subset - INFO - Glyph IDs:   [0, 3, 4, 17, 41, 43, 54, 58, 70, 71, 72, 79, 80, 81, 82, 85, 87, 89]
2025-06-26 13:03:51,925 - fontTools.subset - INFO - Closed glyph list over 'GSUB': 45 glyphs after
2025-06-26 13:03:51,925 - fontTools.subset - INFO - Glyph names: ['.notdef', 'C', 'D', 'F', 'H', 'L', 'O', 'R', 'S', 'T', 'V', 'W', 'c', 'd', 'e', 'exclam', 'glyph03446', 'glyph03447', 'glyph03448', 'glyph03456', 'glyph03458', 'glyph03463', 'glyph03467', 'glyph03468', 'glyph03469', 'glyph03470', 'glyph03472', 'glyph03476', 'glyph03477', 'glyph03478', 'glyph03479', 'glyph03482', 'glyph03483', 'glyph03484', 'glyph03486', 'glyph03487', 'l', 'm', 'n', 'o', 'period', 'r', 'space', 't', 'v']
2025-06-26 13:03:51,925 - fontTools.subset - INFO - Glyph IDs:   [0, 3, 4, 17, 38, 39, 41, 43, 47, 50, 53, 54, 55, 57, 58, 70, 71, 72, 79, 80, 81, 82, 85, 87, 89, 3446, 3447, 3448, 3456, 3458, 3463, 3467, 3468, 3469, 3470, 3472, 3476, 3477, 3478, 3479, 3482, 3483, 3484, 3486, 3487]
2025-06-26 13:03:51,925 - fontTools.subset - INFO - Closing glyph list over 'glyf': 45 glyphs before
2025-06-26 13:03:51,925 - fontTools.subset - INFO - Glyph names: ['.notdef', 'C', 'D', 'F', 'H', 'L', 'O', 'R', 'S', 'T', 'V', 'W', 'c', 'd', 'e', 'exclam', 'glyph03446', 'glyph03447', 'glyph03448', 'glyph03456', 'glyph03458', 'glyph03463', 'glyph03467', 'glyph03468', 'glyph03469', 'glyph03470', 'glyph03472', 'glyph03476', 'glyph03477', 'glyph03478', 'glyph03479', 'glyph03482', 'glyph03483', 'glyph03484', 'glyph03486', 'glyph03487', 'l', 'm', 'n', 'o', 'period', 'r', 'space', 't', 'v']
2025-06-26 13:03:51,926 - fontTools.subset - INFO - Glyph IDs:   [0, 3, 4, 17, 38, 39, 41, 43, 47, 50, 53, 54, 55, 57, 58, 70, 71, 72, 79, 80, 81, 82, 85, 87, 89, 3446, 3447, 3448, 3456, 3458, 3463, 3467, 3468, 3469, 3470, 3472, 3476, 3477, 3478, 3479, 3482, 3483, 3484, 3486, 3487]
2025-06-26 13:03:51,926 - fontTools.subset - INFO - Closed glyph list over 'glyf': 45 glyphs after
2025-06-26 13:03:51,926 - fontTools.subset - INFO - Glyph names: ['.notdef', 'C', 'D', 'F', 'H', 'L', 'O', 'R', 'S', 'T', 'V', 'W', 'c', 'd', 'e', 'exclam', 'glyph03446', 'glyph03447', 'glyph03448', 'glyph03456', 'glyph03458', 'glyph03463', 'glyph03467', 'glyph03468', 'glyph03469', 'glyph03470', 'glyph03472', 'glyph03476', 'glyph03477', 'glyph03478', 'glyph03479', 'glyph03482', 'glyph03483', 'glyph03484', 'glyph03486', 'glyph03487', 'l', 'm', 'n', 'o', 'period', 'r', 'space', 't', 'v']
2025-06-26 13:03:51,926 - fontTools.subset - INFO - Glyph IDs:   [0, 3, 4, 17, 38, 39, 41, 43, 47, 50, 53, 54, 55, 57, 58, 70, 71, 72, 79, 80, 81, 82, 85, 87, 89, 3446, 3447, 3448, 3456, 3458, 3463, 3467, 3468, 3469, 3470, 3472, 3476, 3477, 3478, 3479, 3482, 3483, 3484, 3486, 3487]
2025-06-26 13:03:51,926 - fontTools.subset - INFO - Retaining 45 glyphs
2025-06-26 13:03:51,928 - fontTools.subset - INFO - head subsetting not needed
2025-06-26 13:03:51,928 - fontTools.subset - INFO - hhea subsetting not needed
2025-06-26 13:03:51,928 - fontTools.subset - INFO - maxp subsetting not needed
2025-06-26 13:03:51,928 - fontTools.subset - INFO - OS/2 subsetting not needed
2025-06-26 13:03:51,931 - fontTools.subset - INFO - hmtx subsetted
2025-06-26 13:03:51,931 - fontTools.subset - INFO - VDMX subsetting not needed
2025-06-26 13:03:51,933 - fontTools.subset - INFO - hdmx subsetted
2025-06-26 13:03:51,933 - fontTools.subset - INFO - cmap subsetted
2025-06-26 13:03:51,933 - fontTools.subset - INFO - fpgm subsetting not needed
2025-06-26 13:03:51,934 - fontTools.subset - INFO - prep subsetting not needed
2025-06-26 13:03:51,934 - fontTools.subset - INFO - cvt  subsetting not needed
2025-06-26 13:03:51,934 - fontTools.subset - INFO - loca subsetting not needed
2025-06-26 13:03:51,934 - fontTools.subset - INFO - post subsetted
2025-06-26 13:03:51,934 - fontTools.subset - INFO - gasp subsetting not needed
2025-06-26 13:03:51,934 - fontTools.subset - WARNING - meta NOT subset; don't know how to subset; dropped
2025-06-26 13:03:51,936 - fontTools.subset - INFO - GDEF subsetted
2025-06-26 13:03:51,942 - fontTools.subset - INFO - GPOS subsetted
2025-06-26 13:03:51,943 - fontTools.subset - INFO - GSUB subsetted
2025-06-26 13:03:51,943 - fontTools.subset - INFO - name subsetting not needed
2025-06-26 13:03:51,944 - fontTools.subset - INFO - glyf subsetted
2025-06-26 13:03:51,944 - fontTools.subset - INFO - head pruned
2025-06-26 13:03:51,945 - fontTools.subset - INFO - OS/2 Unicode ranges pruned: [0]
2025-06-26 13:03:51,945 - fontTools.subset - INFO - OS/2 CodePage ranges pruned: [0]
2025-06-26 13:03:51,945 - fontTools.subset - INFO - glyf pruned
2025-06-26 13:03:51,945 - fontTools.subset - INFO - GDEF pruned
2025-06-26 13:03:51,946 - fontTools.subset - INFO - GPOS pruned
2025-06-26 13:03:51,946 - fontTools.subset - INFO - GSUB pruned
2025-06-26 13:03:51,952 - fontTools.subset - INFO - name pruned
2025-06-26 13:03:51,971 - root - INFO - 成功创建字体子集: 17 个字符, 格式: ttf
2025-06-26 13:03:51,972 - root - INFO - 缓存字体文件: 0234d5460b7b26363b5eba7663f29336 -> 0234d5460b7b26363b5eba7663f29336_1750914231.ttf
2025-06-26 13:03:51,978 - werkzeug - INFO - 127.0.0.1 - - [26/Jun/2025 13:03:51] "POST /api/font/subset/english\\Arial.ttf HTTP/1.1" 200 -
2025-06-26 13:03:54,001 - fontTools.subset - INFO - maxp pruned
2025-06-26 13:03:54,001 - fontTools.subset - INFO - LTSH dropped
2025-06-26 13:03:54,002 - fontTools.subset - INFO - cmap pruned
2025-06-26 13:03:54,002 - fontTools.subset - INFO - kern dropped
2025-06-26 13:03:54,002 - fontTools.subset - INFO - post pruned
2025-06-26 13:03:54,003 - fontTools.subset - INFO - PCLT dropped
2025-06-26 13:03:54,003 - fontTools.subset - INFO - JSTF dropped
2025-06-26 13:03:54,003 - fontTools.subset - INFO - DSIG dropped
2025-06-26 13:03:54,149 - fontTools.subset - INFO - GPOS pruned
2025-06-26 13:03:54,165 - fontTools.subset - INFO - GSUB pruned
2025-06-26 13:03:54,167 - fontTools.subset - INFO - glyf pruned
2025-06-26 13:03:54,170 - fontTools.subset - INFO - Added gid0 to subset
2025-06-26 13:03:54,170 - fontTools.subset - INFO - Closing glyph list over 'GSUB': 4 glyphs before
2025-06-26 13:03:54,170 - fontTools.subset - INFO - Glyph names: ['.notdef', 'exclam', 'period', 'space']
2025-06-26 13:03:54,170 - fontTools.subset - INFO - Glyph IDs:   [0, 3, 4, 17]
2025-06-26 13:03:54,172 - fontTools.subset - INFO - Closed glyph list over 'GSUB': 4 glyphs after
2025-06-26 13:03:54,172 - fontTools.subset - INFO - Glyph names: ['.notdef', 'exclam', 'period', 'space']
2025-06-26 13:03:54,172 - fontTools.subset - INFO - Glyph IDs:   [0, 3, 4, 17]
2025-06-26 13:03:54,172 - fontTools.subset - INFO - Closing glyph list over 'glyf': 4 glyphs before
2025-06-26 13:03:54,172 - fontTools.subset - INFO - Glyph names: ['.notdef', 'exclam', 'period', 'space']
2025-06-26 13:03:54,172 - fontTools.subset - INFO - Glyph IDs:   [0, 3, 4, 17]
2025-06-26 13:03:54,172 - fontTools.subset - INFO - Closed glyph list over 'glyf': 4 glyphs after
2025-06-26 13:03:54,173 - fontTools.subset - INFO - Glyph names: ['.notdef', 'exclam', 'period', 'space']
2025-06-26 13:03:54,173 - fontTools.subset - INFO - Glyph IDs:   [0, 3, 4, 17]
2025-06-26 13:03:54,173 - fontTools.subset - INFO - Retaining 4 glyphs
2025-06-26 13:03:54,173 - fontTools.subset - INFO - head subsetting not needed
2025-06-26 13:03:54,174 - fontTools.subset - INFO - hhea subsetting not needed
2025-06-26 13:03:54,174 - fontTools.subset - INFO - maxp subsetting not needed
2025-06-26 13:03:54,174 - fontTools.subset - INFO - OS/2 subsetting not needed
2025-06-26 13:03:54,175 - fontTools.subset - INFO - hmtx subsetted
2025-06-26 13:03:54,175 - fontTools.subset - INFO - VDMX subsetting not needed
2025-06-26 13:03:54,177 - fontTools.subset - INFO - hdmx subsetted
2025-06-26 13:03:54,178 - fontTools.subset - INFO - cmap subsetted
2025-06-26 13:03:54,178 - fontTools.subset - INFO - fpgm subsetting not needed
2025-06-26 13:03:54,178 - fontTools.subset - INFO - prep subsetting not needed
2025-06-26 13:03:54,179 - fontTools.subset - INFO - cvt  subsetting not needed
2025-06-26 13:03:54,179 - fontTools.subset - INFO - loca subsetting not needed
2025-06-26 13:03:54,179 - fontTools.subset - INFO - post subsetted
2025-06-26 13:03:54,179 - fontTools.subset - INFO - gasp subsetting not needed
2025-06-26 13:03:54,179 - fontTools.subset - WARNING - meta NOT subset; don't know how to subset; dropped
2025-06-26 13:03:54,182 - fontTools.subset - INFO - GDEF subsetted
2025-06-26 13:03:54,186 - fontTools.subset - INFO - GPOS subsetted
2025-06-26 13:03:54,188 - fontTools.subset - INFO - GSUB subsetted
2025-06-26 13:03:54,188 - fontTools.subset - INFO - name subsetting not needed
2025-06-26 13:03:54,189 - fontTools.subset - INFO - glyf subsetted
2025-06-26 13:03:54,189 - fontTools.subset - INFO - head pruned
2025-06-26 13:03:54,189 - fontTools.subset - INFO - OS/2 Unicode ranges pruned: [0]
2025-06-26 13:03:54,190 - fontTools.subset - INFO - OS/2 CodePage ranges pruned: [0]
2025-06-26 13:03:54,190 - fontTools.subset - INFO - glyf pruned
2025-06-26 13:03:54,190 - fontTools.subset - INFO - GDEF pruned
2025-06-26 13:03:54,190 - fontTools.subset - INFO - GPOS pruned
2025-06-26 13:03:54,191 - fontTools.subset - INFO - GSUB pruned
2025-06-26 13:03:54,193 - fontTools.subset - INFO - name pruned
2025-06-26 13:03:54,211 - root - INFO - 成功创建字体子集: 3 个字符, 格式: ttf
2025-06-26 13:03:54,213 - root - INFO - 缓存字体文件: 78eff8a2682b7aa71ee5379a3ba66ffb -> 78eff8a2682b7aa71ee5379a3ba66ffb_1750914234.ttf
2025-06-26 13:03:54,218 - werkzeug - INFO - 127.0.0.1 - - [26/Jun/2025 13:03:54] "POST /api/font/subset/english\\Arial.ttf HTTP/1.1" 200 -
2025-06-26 13:03:56,241 - fontTools.subset - INFO - maxp pruned
2025-06-26 13:03:56,241 - fontTools.subset - INFO - LTSH dropped
2025-06-26 13:03:56,241 - fontTools.subset - INFO - cmap pruned
2025-06-26 13:03:56,242 - fontTools.subset - INFO - kern dropped
2025-06-26 13:03:56,242 - fontTools.subset - INFO - post pruned
2025-06-26 13:03:56,242 - fontTools.subset - INFO - PCLT dropped
2025-06-26 13:03:56,242 - fontTools.subset - INFO - JSTF dropped
2025-06-26 13:03:56,242 - fontTools.subset - INFO - DSIG dropped
2025-06-26 13:03:56,375 - fontTools.subset - INFO - GPOS pruned
2025-06-26 13:03:56,390 - fontTools.subset - INFO - GSUB pruned
2025-06-26 13:03:56,415 - fontTools.subset - INFO - glyf pruned
2025-06-26 13:03:56,418 - fontTools.subset - INFO - Added gid0 to subset
2025-06-26 13:03:56,418 - fontTools.subset - INFO - Closing glyph list over 'GSUB': 23 glyphs before
2025-06-26 13:03:56,418 - fontTools.subset - INFO - Glyph names: ['.notdef', 'exclam', 'period', 'space', 'uni0414', 'uni041F', 'uni0430', 'uni0431', 'uni0432', 'uni0435', 'uni0436', 'uni0438', 'uni043B', 'uni043C', 'uni043D', 'uni043E', 'uni043F', 'uni0440', 'uni0441', 'uni0442', 'uni0444', 'uni0448', 'uni044C']
2025-06-26 13:03:56,419 - fontTools.subset - INFO - Glyph IDs:   [0, 3, 4, 17, 574, 585, 602, 603, 604, 607, 608, 610, 613, 614, 615, 616, 617, 618, 619, 620, 622, 626, 630]
2025-06-26 13:03:56,421 - fontTools.subset - INFO - Closed glyph list over 'GSUB': 41 glyphs after
2025-06-26 13:03:56,421 - fontTools.subset - INFO - Glyph names: ['.notdef', 'exclam', 'glyph03641', 'glyph03642', 'glyph03643', 'glyph03645', 'glyph03646', 'glyph03647', 'glyph03649', 'glyph03652', 'glyph03653', 'glyph03654', 'glyph03655', 'glyph03656', 'glyph03657', 'glyph03658', 'glyph03659', 'glyph03661', 'glyph03665', 'glyph03669', 'period', 'space', 'uni0414', 'uni041F', 'uni0430', 'uni0431', 'uni0432', 'uni0435', 'uni0436', 'uni0438', 'uni043B', 'uni043C', 'uni043D', 'uni043E', 'uni043F', 'uni0440', 'uni0441', 'uni0442', 'uni0444', 'uni0448', 'uni044C']
2025-06-26 13:03:56,421 - fontTools.subset - INFO - Glyph IDs:   [0, 3, 4, 17, 574, 585, 602, 603, 604, 607, 608, 610, 613, 614, 615, 616, 617, 618, 619, 620, 622, 626, 630, 3641, 3642, 3643, 3645, 3646, 3647, 3649, 3652, 3653, 3654, 3655, 3656, 3657, 3658, 3659, 3661, 3665, 3669]
2025-06-26 13:03:56,421 - fontTools.subset - INFO - Closing glyph list over 'glyf': 41 glyphs before
2025-06-26 13:03:56,422 - fontTools.subset - INFO - Glyph names: ['.notdef', 'exclam', 'glyph03641', 'glyph03642', 'glyph03643', 'glyph03645', 'glyph03646', 'glyph03647', 'glyph03649', 'glyph03652', 'glyph03653', 'glyph03654', 'glyph03655', 'glyph03656', 'glyph03657', 'glyph03658', 'glyph03659', 'glyph03661', 'glyph03665', 'glyph03669', 'period', 'space', 'uni0414', 'uni041F', 'uni0430', 'uni0431', 'uni0432', 'uni0435', 'uni0436', 'uni0438', 'uni043B', 'uni043C', 'uni043D', 'uni043E', 'uni043F', 'uni0440', 'uni0441', 'uni0442', 'uni0444', 'uni0448', 'uni044C']
2025-06-26 13:03:56,422 - fontTools.subset - INFO - Glyph IDs:   [0, 3, 4, 17, 574, 585, 602, 603, 604, 607, 608, 610, 613, 614, 615, 616, 617, 618, 619, 620, 622, 626, 630, 3641, 3642, 3643, 3645, 3646, 3647, 3649, 3652, 3653, 3654, 3655, 3656, 3657, 3658, 3659, 3661, 3665, 3669]
2025-06-26 13:03:56,422 - fontTools.subset - INFO - Closed glyph list over 'glyf': 55 glyphs after
2025-06-26 13:03:56,422 - fontTools.subset - INFO - Glyph names: ['.notdef', 'a', 'c', 'e', 'exclam', 'glyph03465', 'glyph03466', 'glyph03467', 'glyph03469', 'glyph03472', 'glyph03477', 'glyph03479', 'glyph03480', 'glyph03484', 'glyph03641', 'glyph03642', 'glyph03643', 'glyph03645', 'glyph03646', 'glyph03647', 'glyph03649', 'glyph03652', 'glyph03653', 'glyph03654', 'glyph03655', 'glyph03656', 'glyph03657', 'glyph03658', 'glyph03659', 'glyph03661', 'glyph03665', 'glyph03669', 'o', 'p', 'period', 'space', 'uni0414', 'uni041F', 'uni0430', 'uni0431', 'uni0432', 'uni0435', 'uni0436', 'uni0438', 'uni043B', 'uni043C', 'uni043D', 'uni043E', 'uni043F', 'uni0440', 'uni0441', 'uni0442', 'uni0444', 'uni0448', 'uni044C']
2025-06-26 13:03:56,422 - fontTools.subset - INFO - Glyph IDs:   [0, 3, 4, 17, 68, 70, 72, 82, 83, 574, 585, 602, 603, 604, 607, 608, 610, 613, 614, 615, 616, 617, 618, 619, 620, 622, 626, 630, 3465, 3466, 3467, 3469, 3472, 3477, 3479, 3480, 3484, 3641, 3642, 3643, 3645, 3646, 3647, 3649, 3652, 3653, 3654, 3655, 3656, 3657, 3658, 3659, 3661, 3665, 3669]
2025-06-26 13:03:56,423 - fontTools.subset - INFO - Retaining 55 glyphs
2025-06-26 13:03:56,423 - fontTools.subset - INFO - head subsetting not needed
2025-06-26 13:03:56,423 - fontTools.subset - INFO - hhea subsetting not needed
2025-06-26 13:03:56,423 - fontTools.subset - INFO - maxp subsetting not needed
2025-06-26 13:03:56,423 - fontTools.subset - INFO - OS/2 subsetting not needed
2025-06-26 13:03:56,424 - fontTools.subset - INFO - hmtx subsetted
2025-06-26 13:03:56,425 - fontTools.subset - INFO - VDMX subsetting not needed
2025-06-26 13:03:56,427 - fontTools.subset - INFO - hdmx subsetted
2025-06-26 13:03:56,427 - fontTools.subset - INFO - cmap subsetted
2025-06-26 13:03:56,427 - fontTools.subset - INFO - fpgm subsetting not needed
2025-06-26 13:03:56,427 - fontTools.subset - INFO - prep subsetting not needed
2025-06-26 13:03:56,428 - fontTools.subset - INFO - cvt  subsetting not needed
2025-06-26 13:03:56,428 - fontTools.subset - INFO - loca subsetting not needed
2025-06-26 13:03:56,428 - fontTools.subset - INFO - post subsetted
2025-06-26 13:03:56,428 - fontTools.subset - INFO - gasp subsetting not needed
2025-06-26 13:03:56,428 - fontTools.subset - WARNING - meta NOT subset; don't know how to subset; dropped
2025-06-26 13:03:56,429 - fontTools.subset - INFO - GDEF subsetted
2025-06-26 13:03:56,434 - fontTools.subset - INFO - GPOS subsetted
2025-06-26 13:03:56,436 - fontTools.subset - INFO - GSUB subsetted
2025-06-26 13:03:56,436 - fontTools.subset - INFO - name subsetting not needed
2025-06-26 13:03:56,437 - fontTools.subset - INFO - glyf subsetted
2025-06-26 13:03:56,437 - fontTools.subset - INFO - head pruned
2025-06-26 13:03:56,437 - fontTools.subset - INFO - OS/2 Unicode ranges pruned: [0, 9]
2025-06-26 13:03:56,437 - fontTools.subset - INFO - OS/2 CodePage ranges pruned: [0]
2025-06-26 13:03:56,438 - fontTools.subset - INFO - glyf pruned
2025-06-26 13:03:56,438 - fontTools.subset - INFO - GDEF pruned
2025-06-26 13:03:56,438 - fontTools.subset - INFO - GPOS pruned
2025-06-26 13:03:56,438 - fontTools.subset - INFO - GSUB pruned
2025-06-26 13:03:56,449 - fontTools.subset - INFO - name pruned
2025-06-26 13:03:56,480 - root - INFO - 成功创建字体子集: 22 个字符, 格式: ttf
2025-06-26 13:03:56,481 - root - INFO - 缓存字体文件: 23cf275f8bd5a20ddb48bd1baf48baa8 -> 23cf275f8bd5a20ddb48bd1baf48baa8_1750914236.ttf
2025-06-26 13:03:56,493 - werkzeug - INFO - 127.0.0.1 - - [26/Jun/2025 13:03:56] "POST /api/font/subset/english\\Arial.ttf HTTP/1.1" 200 -
2025-06-26 13:03:58,532 - fontTools.subset - INFO - maxp pruned
2025-06-26 13:03:58,533 - fontTools.subset - INFO - LTSH dropped
2025-06-26 13:03:58,533 - fontTools.subset - INFO - cmap pruned
2025-06-26 13:03:58,534 - fontTools.subset - INFO - kern dropped
2025-06-26 13:03:58,534 - fontTools.subset - INFO - post pruned
2025-06-26 13:03:58,534 - fontTools.subset - INFO - PCLT dropped
2025-06-26 13:03:58,534 - fontTools.subset - INFO - JSTF dropped
2025-06-26 13:03:58,534 - fontTools.subset - INFO - DSIG dropped
2025-06-26 13:03:58,671 - fontTools.subset - INFO - GPOS pruned
2025-06-26 13:03:58,686 - fontTools.subset - INFO - GSUB pruned
2025-06-26 13:03:58,688 - fontTools.subset - INFO - glyf pruned
2025-06-26 13:03:58,691 - fontTools.subset - INFO - Added gid0 to subset
2025-06-26 13:03:58,692 - fontTools.subset - INFO - Closing glyph list over 'GSUB': 17 glyphs before
2025-06-26 13:03:58,692 - fontTools.subset - INFO - Glyph names: ['.notdef', 'exclam', 'period', 'space', 'uni0627', 'uni0628', 'uni062D', 'uni062E', 'uni062F', 'uni0631', 'uni0637', 'uni0639', 'uni0641', 'uni0643', 'uni0644', 'uni0645', 'uni064A']
2025-06-26 13:03:58,692 - fontTools.subset - INFO - Glyph IDs:   [0, 3, 4, 17, 909, 911, 929, 933, 937, 941, 961, 969, 977, 985, 989, 993, 1009]
2025-06-26 13:03:58,694 - fontTools.subset - INFO - Closed glyph list over 'GSUB': 39 glyphs after
2025-06-26 13:03:58,696 - fontTools.subset - INFO - Glyph names: ['.notdef', 'exclam', 'glyph04086', 'period', 'space', 'uni0627', 'uni0628', 'uni062D', 'uni062E', 'uni062F', 'uni0631', 'uni0637', 'uni0639', 'uni0641', 'uni0643', 'uni0644', 'uni0645', 'uni064A', 'uniFBFE', 'uniFDF4', 'uniFDFC', 'uniFE8E', 'uniFE91', 'uniFEA2', 'uniFEA3', 'uniFEA6', 'uniFEA7', 'uniFECA', 'uniFECB', 'uniFECC', 'uniFED3', 'uniFED4', 'uniFEDB', 'uniFEDF', 'uniFEE0', 'uniFEE3', 'uniFEF2', 'uniFEFB', 'uniFEFC']
2025-06-26 13:03:58,697 - fontTools.subset - INFO - Glyph IDs:   [0, 3, 4, 17, 909, 910, 911, 913, 929, 930, 931, 933, 934, 935, 937, 941, 961, 969, 970, 971, 972, 977, 979, 980, 985, 987, 989, 991, 992, 993, 995, 1009, 1010, 1011, 1019, 1020, 3021, 3869, 4086]
2025-06-26 13:03:58,697 - fontTools.subset - INFO - Closing glyph list over 'glyf': 39 glyphs before
2025-06-26 13:03:58,698 - fontTools.subset - INFO - Glyph names: ['.notdef', 'exclam', 'glyph04086', 'period', 'space', 'uni0627', 'uni0628', 'uni062D', 'uni062E', 'uni062F', 'uni0631', 'uni0637', 'uni0639', 'uni0641', 'uni0643', 'uni0644', 'uni0645', 'uni064A', 'uniFBFE', 'uniFDF4', 'uniFDFC', 'uniFE8E', 'uniFE91', 'uniFEA2', 'uniFEA3', 'uniFEA6', 'uniFEA7', 'uniFECA', 'uniFECB', 'uniFECC', 'uniFED3', 'uniFED4', 'uniFEDB', 'uniFEDF', 'uniFEE0', 'uniFEE3', 'uniFEF2', 'uniFEFB', 'uniFEFC']
2025-06-26 13:03:58,698 - fontTools.subset - INFO - Glyph IDs:   [0, 3, 4, 17, 909, 910, 911, 913, 929, 930, 931, 933, 934, 935, 937, 941, 961, 969, 970, 971, 972, 977, 979, 980, 985, 987, 989, 991, 992, 993, 995, 1009, 1010, 1011, 1019, 1020, 3021, 3869, 4086]
2025-06-26 13:03:58,699 - fontTools.subset - INFO - Closed glyph list over 'glyf': 48 glyphs after
2025-06-26 13:03:58,699 - fontTools.subset - INFO - Glyph names: ['.notdef', 'exclam', 'glyph01322', 'glyph01323', 'glyph04086', 'period', 'space', 'uni0627', 'uni0628', 'uni062D', 'uni062E', 'uni062F', 'uni0631', 'uni0637', 'uni0639', 'uni0641', 'uni0643', 'uni0644', 'uni0645', 'uni064A', 'uni066E', 'uni06A1', 'uni06CC', 'uniFB90', 'uniFBB3', 'uniFBB5', 'uniFBE8', 'uniFBFE', 'uniFDF4', 'uniFDFC', 'uniFE8E', 'uniFE91', 'uniFEA2', 'uniFEA3', 'uniFEA6', 'uniFEA7', 'uniFECA', 'uniFECB', 'uniFECC', 'uniFED3', 'uniFED4', 'uniFEDB', 'uniFEDF', 'uniFEE0', 'uniFEE3', 'uniFEF2', 'uniFEFB', 'uniFEFC']
2025-06-26 13:03:58,700 - fontTools.subset - INFO - Glyph IDs:   [0, 3, 4, 17, 815, 821, 909, 910, 911, 913, 929, 930, 931, 933, 934, 935, 937, 941, 961, 969, 970, 971, 972, 977, 979, 980, 985, 987, 989, 991, 992, 993, 995, 1009, 1010, 1011, 1019, 1020, 1320, 1321, 1322, 1323, 1325, 1326, 1466, 3021, 3869, 4086]
2025-06-26 13:03:58,700 - fontTools.subset - INFO - Retaining 48 glyphs
2025-06-26 13:03:58,700 - fontTools.subset - INFO - head subsetting not needed
2025-06-26 13:03:58,701 - fontTools.subset - INFO - hhea subsetting not needed
2025-06-26 13:03:58,701 - fontTools.subset - INFO - maxp subsetting not needed
2025-06-26 13:03:58,701 - fontTools.subset - INFO - OS/2 subsetting not needed
2025-06-26 13:03:58,703 - fontTools.subset - INFO - hmtx subsetted
2025-06-26 13:03:58,703 - fontTools.subset - INFO - VDMX subsetting not needed
2025-06-26 13:03:58,707 - fontTools.subset - INFO - hdmx subsetted
2025-06-26 13:03:58,708 - fontTools.subset - INFO - cmap subsetted
2025-06-26 13:03:58,708 - fontTools.subset - INFO - fpgm subsetting not needed
2025-06-26 13:03:58,708 - fontTools.subset - INFO - prep subsetting not needed
2025-06-26 13:03:58,708 - fontTools.subset - INFO - cvt  subsetting not needed
2025-06-26 13:03:58,708 - fontTools.subset - INFO - loca subsetting not needed
2025-06-26 13:03:58,708 - fontTools.subset - INFO - post subsetted
2025-06-26 13:03:58,708 - fontTools.subset - INFO - gasp subsetting not needed
2025-06-26 13:03:58,708 - fontTools.subset - WARNING - meta NOT subset; don't know how to subset; dropped
2025-06-26 13:03:58,710 - fontTools.subset - INFO - GDEF subsetted
2025-06-26 13:03:58,714 - fontTools.subset - INFO - GPOS subsetted
2025-06-26 13:03:58,716 - fontTools.subset - INFO - GSUB subsetted
2025-06-26 13:03:58,717 - fontTools.subset - INFO - name subsetting not needed
2025-06-26 13:03:58,718 - fontTools.subset - INFO - glyf subsetted
2025-06-26 13:03:58,718 - fontTools.subset - INFO - head pruned
2025-06-26 13:03:58,718 - fontTools.subset - INFO - OS/2 Unicode ranges pruned: [0, 13]
2025-06-26 13:03:58,718 - fontTools.subset - INFO - OS/2 CodePage ranges pruned: [6]
2025-06-26 13:03:58,719 - fontTools.subset - INFO - glyf pruned
2025-06-26 13:03:58,719 - fontTools.subset - INFO - GDEF pruned
2025-06-26 13:03:58,720 - fontTools.subset - INFO - GPOS pruned
2025-06-26 13:03:58,720 - fontTools.subset - INFO - GSUB pruned
2025-06-26 13:03:58,725 - fontTools.subset - INFO - name pruned
2025-06-26 13:03:58,742 - root - INFO - 成功创建字体子集: 16 个字符, 格式: ttf
2025-06-26 13:03:58,743 - root - INFO - 缓存字体文件: ebf3d1e8945e54d7eb3552d8a56b2a92 -> ebf3d1e8945e54d7eb3552d8a56b2a92_1750914238.ttf
2025-06-26 13:03:58,748 - werkzeug - INFO - 127.0.0.1 - - [26/Jun/2025 13:03:58] "POST /api/font/subset/english\\Arial.ttf HTTP/1.1" 200 -
2025-06-26 13:04:00,767 - fontTools.subset - INFO - maxp pruned
2025-06-26 13:04:00,767 - fontTools.subset - INFO - LTSH dropped
2025-06-26 13:04:00,767 - fontTools.subset - INFO - cmap pruned
2025-06-26 13:04:00,768 - fontTools.subset - INFO - kern dropped
2025-06-26 13:04:00,768 - fontTools.subset - INFO - post pruned
2025-06-26 13:04:00,768 - fontTools.subset - INFO - PCLT dropped
2025-06-26 13:04:00,768 - fontTools.subset - INFO - JSTF dropped
2025-06-26 13:04:00,768 - fontTools.subset - INFO - DSIG dropped
2025-06-26 13:04:00,923 - fontTools.subset - INFO - GPOS pruned
2025-06-26 13:04:00,939 - fontTools.subset - INFO - GSUB pruned
2025-06-26 13:04:00,941 - fontTools.subset - INFO - glyf pruned
2025-06-26 13:04:00,944 - fontTools.subset - INFO - Added gid0 to subset
2025-06-26 13:04:00,944 - fontTools.subset - INFO - Closing glyph list over 'GSUB': 40 glyphs before
2025-06-26 13:04:00,945 - fontTools.subset - INFO - Glyph names: ['.notdef', 'ampersand', 'asciicircum', 'asterisk', 'at', 'bar', 'braceleft', 'braceright', 'bracketleft', 'bracketright', 'colon', 'comma', 'dollar', 'eight', 'equal', 'exclam', 'five', 'four', 'greater', 'hyphen', 'less', 'nine', 'numbersign', 'one', 'parenleft', 'parenright', 'percent', 'period', 'plus', 'question', 'quotedbl', 'quotesingle', 'semicolon', 'seven', 'six', 'slash', 'space', 'three', 'two', 'zero']
2025-06-26 13:04:00,945 - fontTools.subset - INFO - Glyph IDs:   [0, 3, 4, 5, 6, 7, 8, 9, 10, 11, 12, 13, 14, 15, 16, 17, 18, 19, 20, 21, 22, 23, 24, 25, 26, 27, 28, 29, 30, 31, 32, 33, 34, 35, 62, 64, 65, 94, 95, 96]
2025-06-26 13:04:00,947 - fontTools.subset - INFO - Closed glyph list over 'GSUB': 84 glyphs after
2025-06-26 13:04:00,948 - fontTools.subset - INFO - Glyph names: ['.notdef', 'ampersand', 'asciicircum', 'asterisk', 'at', 'bar', 'braceleft', 'braceright', 'bracketleft', 'bracketright', 'colon', 'comma', 'dollar', 'eight', 'equal', 'exclam', 'five', 'four', 'fraction', 'glyph03425', 'glyph03426', 'glyph03427', 'glyph03428', 'glyph03429', 'glyph03430', 'glyph03431', 'glyph03432', 'glyph03433', 'glyph03434', 'glyph03435', 'glyph03436', 'glyph03437', 'glyph03438', 'glyph03439', 'glyph03440', 'glyph03441', 'glyph03442', 'glyph03443', 'glyph03444', 'glyph03460', 'glyph03461', 'glyph03674', 'glyph03675', 'glyph03676', 'glyph03677', 'glyph03678', 'glyph03679', 'glyph03680', 'glyph03681', 'glyph03682', 'glyph03683', 'glyph03773', 'greater', 'hyphen', 'less', 'nine', 'numbersign', 'one', 'parenleft', 'parenright', 'percent', 'period', 'plus', 'question', 'quotedbl', 'quotesingle', 'semicolon', 'seven', 'six', 'slash', 'space', 'three', 'two', 'uni00B2', 'uni00B3', 'uni00B9', 'uni2070', 'uni2074', 'uni2075', 'uni2076', 'uni2077', 'uni2078', 'uni2079', 'zero']
2025-06-26 13:04:00,948 - fontTools.subset - INFO - Glyph IDs:   [0, 3, 4, 5, 6, 7, 8, 9, 10, 11, 12, 13, 14, 15, 16, 17, 18, 19, 20, 21, 22, 23, 24, 25, 26, 27, 28, 29, 30, 31, 32, 33, 34, 35, 62, 64, 65, 94, 95, 96, 187, 239, 240, 241, 3425, 3426, 3427, 3428, 3429, 3430, 3431, 3432, 3433, 3434, 3435, 3436, 3437, 3438, 3439, 3440, 3441, 3442, 3443, 3444, 3460, 3461, 3674, 3675, 3676, 3677, 3678, 3679, 3680, 3681, 3682, 3683, 3684, 3685, 3686, 3773, 3774, 3775, 3776, 3777]
2025-06-26 13:04:00,948 - fontTools.subset - INFO - Closing glyph list over 'glyf': 84 glyphs before
2025-06-26 13:04:00,948 - fontTools.subset - INFO - Glyph names: ['.notdef', 'ampersand', 'asciicircum', 'asterisk', 'at', 'bar', 'braceleft', 'braceright', 'bracketleft', 'bracketright', 'colon', 'comma', 'dollar', 'eight', 'equal', 'exclam', 'five', 'four', 'fraction', 'glyph03425', 'glyph03426', 'glyph03427', 'glyph03428', 'glyph03429', 'glyph03430', 'glyph03431', 'glyph03432', 'glyph03433', 'glyph03434', 'glyph03435', 'glyph03436', 'glyph03437', 'glyph03438', 'glyph03439', 'glyph03440', 'glyph03441', 'glyph03442', 'glyph03443', 'glyph03444', 'glyph03460', 'glyph03461', 'glyph03674', 'glyph03675', 'glyph03676', 'glyph03677', 'glyph03678', 'glyph03679', 'glyph03680', 'glyph03681', 'glyph03682', 'glyph03683', 'glyph03773', 'greater', 'hyphen', 'less', 'nine', 'numbersign', 'one', 'parenleft', 'parenright', 'percent', 'period', 'plus', 'question', 'quotedbl', 'quotesingle', 'semicolon', 'seven', 'six', 'slash', 'space', 'three', 'two', 'uni00B2', 'uni00B3', 'uni00B9', 'uni2070', 'uni2074', 'uni2075', 'uni2076', 'uni2077', 'uni2078', 'uni2079', 'zero']
2025-06-26 13:04:00,949 - fontTools.subset - INFO - Glyph IDs:   [0, 3, 4, 5, 6, 7, 8, 9, 10, 11, 12, 13, 14, 15, 16, 17, 18, 19, 20, 21, 22, 23, 24, 25, 26, 27, 28, 29, 30, 31, 32, 33, 34, 35, 62, 64, 65, 94, 95, 96, 187, 239, 240, 241, 3425, 3426, 3427, 3428, 3429, 3430, 3431, 3432, 3433, 3434, 3435, 3436, 3437, 3438, 3439, 3440, 3441, 3442, 3443, 3444, 3460, 3461, 3674, 3675, 3676, 3677, 3678, 3679, 3680, 3681, 3682, 3683, 3684, 3685, 3686, 3773, 3774, 3775, 3776, 3777]
2025-06-26 13:04:00,949 - fontTools.subset - INFO - Closed glyph list over 'glyf': 91 glyphs after
2025-06-26 13:04:00,949 - fontTools.subset - INFO - Glyph names: ['.notdef', 'ampersand', 'asciicircum', 'asterisk', 'at', 'bar', 'braceleft', 'braceright', 'bracketleft', 'bracketright', 'colon', 'comma', 'dollar', 'eight', 'equal', 'exclam', 'five', 'four', 'fraction', 'glyph03384', 'glyph03388', 'glyph03389', 'glyph03390', 'glyph03391', 'glyph03392', 'glyph03393', 'glyph03425', 'glyph03426', 'glyph03427', 'glyph03428', 'glyph03429', 'glyph03430', 'glyph03431', 'glyph03432', 'glyph03433', 'glyph03434', 'glyph03435', 'glyph03436', 'glyph03437', 'glyph03438', 'glyph03439', 'glyph03440', 'glyph03441', 'glyph03442', 'glyph03443', 'glyph03444', 'glyph03460', 'glyph03461', 'glyph03674', 'glyph03675', 'glyph03676', 'glyph03677', 'glyph03678', 'glyph03679', 'glyph03680', 'glyph03681', 'glyph03682', 'glyph03683', 'glyph03773', 'greater', 'hyphen', 'less', 'nine', 'numbersign', 'one', 'parenleft', 'parenright', 'percent', 'period', 'plus', 'question', 'quotedbl', 'quotesingle', 'semicolon', 'seven', 'six', 'slash', 'space', 'three', 'two', 'uni00B2', 'uni00B3', 'uni00B9', 'uni2070', 'uni2074', 'uni2075', 'uni2076', 'uni2077', 'uni2078', 'uni2079', 'zero']
2025-06-26 13:04:00,950 - fontTools.subset - INFO - Glyph IDs:   [0, 3, 4, 5, 6, 7, 8, 9, 10, 11, 12, 13, 14, 15, 16, 17, 18, 19, 20, 21, 22, 23, 24, 25, 26, 27, 28, 29, 30, 31, 32, 33, 34, 35, 62, 64, 65, 94, 95, 96, 187, 239, 240, 241, 3384, 3388, 3389, 3390, 3391, 3392, 3393, 3425, 3426, 3427, 3428, 3429, 3430, 3431, 3432, 3433, 3434, 3435, 3436, 3437, 3438, 3439, 3440, 3441, 3442, 3443, 3444, 3460, 3461, 3674, 3675, 3676, 3677, 3678, 3679, 3680, 3681, 3682, 3683, 3684, 3685, 3686, 3773, 3774, 3775, 3776, 3777]
2025-06-26 13:04:00,950 - fontTools.subset - INFO - Retaining 91 glyphs
2025-06-26 13:04:00,950 - fontTools.subset - INFO - head subsetting not needed
2025-06-26 13:04:00,951 - fontTools.subset - INFO - hhea subsetting not needed
2025-06-26 13:04:00,951 - fontTools.subset - INFO - maxp subsetting not needed
2025-06-26 13:04:00,951 - fontTools.subset - INFO - OS/2 subsetting not needed
2025-06-26 13:04:00,953 - fontTools.subset - INFO - hmtx subsetted
2025-06-26 13:04:00,953 - fontTools.subset - INFO - VDMX subsetting not needed
2025-06-26 13:04:00,955 - fontTools.subset - INFO - hdmx subsetted
2025-06-26 13:04:00,956 - fontTools.subset - INFO - cmap subsetted
2025-06-26 13:04:00,956 - fontTools.subset - INFO - fpgm subsetting not needed
2025-06-26 13:04:00,956 - fontTools.subset - INFO - prep subsetting not needed
2025-06-26 13:04:00,956 - fontTools.subset - INFO - cvt  subsetting not needed
2025-06-26 13:04:00,957 - fontTools.subset - INFO - loca subsetting not needed
2025-06-26 13:04:00,957 - fontTools.subset - INFO - post subsetted
2025-06-26 13:04:00,957 - fontTools.subset - INFO - gasp subsetting not needed
2025-06-26 13:04:00,957 - fontTools.subset - WARNING - meta NOT subset; don't know how to subset; dropped
2025-06-26 13:04:00,958 - fontTools.subset - INFO - GDEF subsetted
2025-06-26 13:04:00,964 - fontTools.subset - INFO - GPOS subsetted
2025-06-26 13:04:00,966 - fontTools.subset - INFO - GSUB subsetted
2025-06-26 13:04:00,966 - fontTools.subset - INFO - name subsetting not needed
2025-06-26 13:04:00,967 - fontTools.subset - INFO - glyf subsetted
2025-06-26 13:04:00,967 - fontTools.subset - INFO - head pruned
2025-06-26 13:04:00,967 - fontTools.subset - INFO - OS/2 Unicode ranges pruned: [0]
2025-06-26 13:04:00,968 - fontTools.subset - INFO - OS/2 CodePage ranges pruned: [0]
2025-06-26 13:04:00,968 - fontTools.subset - INFO - glyf pruned
2025-06-26 13:04:00,968 - fontTools.subset - INFO - GDEF pruned
2025-06-26 13:04:00,969 - fontTools.subset - INFO - GPOS pruned
2025-06-26 13:04:00,969 - fontTools.subset - INFO - GSUB pruned
2025-06-26 13:04:00,974 - fontTools.subset - INFO - name pruned
2025-06-26 13:04:00,992 - root - INFO - 成功创建字体子集: 39 个字符, 格式: ttf
2025-06-26 13:04:00,992 - root - INFO - 缓存字体文件: e1b8e01075572ac0b56940aaba9fb0bd -> e1b8e01075572ac0b56940aaba9fb0bd_1750914240.ttf
2025-06-26 13:04:00,999 - werkzeug - INFO - 127.0.0.1 - - [26/Jun/2025 13:04:00] "POST /api/font/subset/english\\Arial.ttf HTTP/1.1" 200 -
2025-06-26 13:13:22,421 - werkzeug - INFO - 127.0.0.1 - - [26/Jun/2025 13:13:22] "GET /health HTTP/1.1" 200 -
2025-06-26 13:13:24,447 - werkzeug - INFO - 127.0.0.1 - - [26/Jun/2025 13:13:24] "GET /api/fonts HTTP/1.1" 200 -
2025-06-26 13:13:26,477 - werkzeug - INFO - 127.0.0.1 - - [26/Jun/2025 13:13:26] "GET /api/font/characters/english\\Arial.ttf HTTP/1.1" 200 -
2025-06-26 13:13:28,529 - root - INFO - 使用缓存字体文件: d1237a44befbdd93d6dd0f4857bc738f
2025-06-26 13:13:28,531 - werkzeug - INFO - 127.0.0.1 - - [26/Jun/2025 13:13:28] "POST /api/font/subset/english\\Arial.ttf HTTP/1.1" 200 -
2025-06-26 13:13:30,550 - werkzeug - INFO - 127.0.0.1 - - [26/Jun/2025 13:13:30] "GET /api/stats HTTP/1.1" 200 -
2025-06-26 13:13:32,589 - werkzeug - INFO - 127.0.0.1 - - [26/Jun/2025 13:13:32] "GET /health HTTP/1.1" 200 -
2025-06-26 13:13:34,604 - werkzeug - INFO - 127.0.0.1 - - [26/Jun/2025 13:13:34] "GET /api/fonts HTTP/1.1" 200 -
2025-06-26 13:13:36,650 - werkzeug - INFO - 127.0.0.1 - - [26/Jun/2025 13:13:36] "GET /api/font/characters/english\\Arial.ttf HTTP/1.1" 200 -
2025-06-26 13:13:38,675 - root - INFO - 使用缓存字体文件: 0234d5460b7b26363b5eba7663f29336
2025-06-26 13:13:38,677 - werkzeug - INFO - 127.0.0.1 - - [26/Jun/2025 13:13:38] "POST /api/font/subset/english\\Arial.ttf HTTP/1.1" 200 -
2025-06-26 13:13:40,710 - root - INFO - 使用缓存字体文件: 78eff8a2682b7aa71ee5379a3ba66ffb
2025-06-26 13:13:40,711 - werkzeug - INFO - 127.0.0.1 - - [26/Jun/2025 13:13:40] "POST /api/font/subset/english\\Arial.ttf HTTP/1.1" 200 -
2025-06-26 13:13:42,726 - root - INFO - 使用缓存字体文件: 23cf275f8bd5a20ddb48bd1baf48baa8
2025-06-26 13:13:42,727 - werkzeug - INFO - 127.0.0.1 - - [26/Jun/2025 13:13:42] "POST /api/font/subset/english\\Arial.ttf HTTP/1.1" 200 -
2025-06-26 13:13:44,764 - root - INFO - 使用缓存字体文件: ebf3d1e8945e54d7eb3552d8a56b2a92
2025-06-26 13:13:44,765 - werkzeug - INFO - 127.0.0.1 - - [26/Jun/2025 13:13:44] "POST /api/font/subset/english\\Arial.ttf HTTP/1.1" 200 -
2025-06-26 13:13:46,782 - root - INFO - 使用缓存字体文件: e1b8e01075572ac0b56940aaba9fb0bd
2025-06-26 13:13:46,784 - werkzeug - INFO - 127.0.0.1 - - [26/Jun/2025 13:13:46] "POST /api/font/subset/english\\Arial.ttf HTTP/1.1" 200 -
2025-06-26 13:43:05,372 - werkzeug - INFO - 127.0.0.1 - - [26/Jun/2025 13:43:05] "GET /health HTTP/1.1" 200 -
2025-06-26 13:43:07,429 - werkzeug - INFO - 127.0.0.1 - - [26/Jun/2025 13:43:07] "GET /api/fonts HTTP/1.1" 200 -
2025-06-26 13:43:09,455 - werkzeug - INFO - 127.0.0.1 - - [26/Jun/2025 13:43:09] "[31m[1mPOST /api/font/subset/english\\Arial.ttf HTTP/1.1[0m" 400 -
2025-06-26 13:44:49,810 - werkzeug - INFO - 127.0.0.1 - - [26/Jun/2025 13:44:49] "GET /health HTTP/1.1" 200 -
2025-06-26 13:44:51,860 - werkzeug - INFO - 127.0.0.1 - - [26/Jun/2025 13:44:51] "GET /api/fonts HTTP/1.1" 200 -
2025-06-26 13:44:53,892 - werkzeug - INFO - 127.0.0.1 - - [26/Jun/2025 13:44:53] "GET /api/font/characters/english\\Arial.ttf HTTP/1.1" 200 -
2025-06-26 13:44:55,942 - werkzeug - INFO - 127.0.0.1 - - [26/Jun/2025 13:44:55] "[31m[1mPOST /api/font/subset/english\\Arial.ttf HTTP/1.1[0m" 400 -
2025-06-26 13:44:57,967 - werkzeug - INFO - 127.0.0.1 - - [26/Jun/2025 13:44:57] "GET /api/stats HTTP/1.1" 200 -
2025-06-26 13:44:59,991 - werkzeug - INFO - 127.0.0.1 - - [26/Jun/2025 13:44:59] "GET /health HTTP/1.1" 200 -
2025-06-26 13:45:02,015 - werkzeug - INFO - 127.0.0.1 - - [26/Jun/2025 13:45:02] "GET /api/fonts HTTP/1.1" 200 -
2025-06-26 13:45:04,057 - werkzeug - INFO - 127.0.0.1 - - [26/Jun/2025 13:45:04] "GET /api/font/characters/english\\Arial.ttf HTTP/1.1" 200 -
2025-06-26 13:45:06,072 - werkzeug - INFO - 127.0.0.1 - - [26/Jun/2025 13:45:06] "[31m[1mPOST /api/font/subset/english\\Arial.ttf HTTP/1.1[0m" 400 -
2025-06-26 13:45:08,110 - werkzeug - INFO - 127.0.0.1 - - [26/Jun/2025 13:45:08] "[31m[1mPOST /api/font/subset/english\\Arial.ttf HTTP/1.1[0m" 400 -
2025-06-26 13:45:10,132 - werkzeug - INFO - 127.0.0.1 - - [26/Jun/2025 13:45:10] "[31m[1mPOST /api/font/subset/english\\Arial.ttf HTTP/1.1[0m" 400 -
2025-06-26 13:45:12,168 - werkzeug - INFO - 127.0.0.1 - - [26/Jun/2025 13:45:12] "[31m[1mPOST /api/font/subset/english\\Arial.ttf HTTP/1.1[0m" 400 -
2025-06-26 13:45:14,201 - werkzeug - INFO - 127.0.0.1 - - [26/Jun/2025 13:45:14] "[31m[1mPOST /api/font/subset/english\\Arial.ttf HTTP/1.1[0m" 400 -
2025-06-26 13:47:46,442 - werkzeug - INFO - 127.0.0.1 - - [26/Jun/2025 13:47:46] "GET /api/fonts HTTP/1.1" 200 -
2025-06-26 13:47:48,461 - werkzeug - INFO - 127.0.0.1 - - [26/Jun/2025 13:47:48] "GET /health HTTP/1.1" 200 -
2025-06-26 13:51:01,404 - werkzeug - INFO - 127.0.0.1 - - [26/Jun/2025 13:51:01] "GET /health HTTP/1.1" 200 -
2025-06-26 13:51:03,435 - werkzeug - INFO - 127.0.0.1 - - [26/Jun/2025 13:51:03] "GET /api/fonts HTTP/1.1" 200 -
2025-06-26 13:51:05,468 - werkzeug - INFO - 127.0.0.1 - - [26/Jun/2025 13:51:05] "[31m[1mPOST /api/font/subset/english\\Arial.ttf HTTP/1.1[0m" 400 -
2025-06-26 13:51:07,517 - werkzeug - INFO - 127.0.0.1 - - [26/Jun/2025 13:51:07] "[31m[1mPOST /api/font/subset/english\\Arial.ttf HTTP/1.1[0m" 400 -
2025-06-26 13:51:09,554 - werkzeug - INFO - 127.0.0.1 - - [26/Jun/2025 13:51:09] "[31m[1mPOST /api/font/subset/english\\Arial.ttf HTTP/1.1[0m" 400 -
2025-06-26 13:51:11,582 - werkzeug - INFO - 127.0.0.1 - - [26/Jun/2025 13:51:11] "[31m[1mPOST /api/font/subset/english\\Arial.ttf HTTP/1.1[0m" 400 -
2025-06-26 13:51:50,856 - root - INFO - 字体服务器初始化完成，发现 2 个字体文件
2025-06-26 13:51:50,856 - root - INFO - 字体服务器启动在 http://0.0.0.0:8889
2025-06-26 13:51:50,856 - root - INFO - API文档: http://0.0.0.0:8889/health
2025-06-26 13:52:08,287 - werkzeug - INFO - 127.0.0.1 - - [26/Jun/2025 13:52:08] "GET /health HTTP/1.1" 200 -
2025-06-26 13:52:10,321 - werkzeug - INFO - 127.0.0.1 - - [26/Jun/2025 13:52:10] "GET /api/fonts HTTP/1.1" 200 -
2025-06-26 13:52:12,371 - fontTools.subset - INFO - maxp pruned
2025-06-26 13:52:12,373 - fontTools.subset - INFO - LTSH dropped
2025-06-26 13:52:12,374 - fontTools.subset - INFO - cmap pruned
2025-06-26 13:52:12,376 - fontTools.subset - INFO - kern dropped
2025-06-26 13:52:12,377 - fontTools.subset - INFO - post pruned
2025-06-26 13:52:12,377 - fontTools.subset - INFO - PCLT dropped
2025-06-26 13:52:12,378 - fontTools.subset - INFO - JSTF dropped
2025-06-26 13:52:12,379 - fontTools.subset - INFO - DSIG dropped
2025-06-26 13:52:12,577 - fontTools.subset - INFO - GPOS pruned
2025-06-26 13:52:12,600 - fontTools.subset - INFO - GSUB pruned
2025-06-26 13:52:12,603 - fontTools.subset - INFO - glyf pruned
2025-06-26 13:52:12,605 - fontTools.subset - INFO - Missing glyphs for requested Unicodes: ['U+91D1', 'U+989D', 'U+53F0', 'U+94F6', 'U+96F6', 'U+6536', 'U+627E']
2025-06-26 13:52:12,606 - fontTools.subset - INFO - Added gid0 to subset
2025-06-26 13:52:12,606 - fontTools.subset - INFO - Closing glyph list over 'GSUB': 11 glyphs before
2025-06-26 13:52:12,606 - fontTools.subset - INFO - Glyph names: ['.notdef', 'colon', 'five', 'four', 'one', 'period', 'six', 'space', 'three', 'two', 'yen']
2025-06-26 13:52:12,607 - fontTools.subset - INFO - Glyph IDs:   [0, 3, 17, 20, 21, 22, 23, 24, 25, 29, 150]
2025-06-26 13:52:12,610 - fontTools.subset - INFO - Closed glyph list over 'GSUB': 36 glyphs after
2025-06-26 13:52:12,611 - fontTools.subset - INFO - Glyph names: ['.notdef', 'colon', 'five', 'four', 'glyph03426', 'glyph03427', 'glyph03428', 'glyph03429', 'glyph03430', 'glyph03431', 'glyph03436', 'glyph03437', 'glyph03438', 'glyph03439', 'glyph03440', 'glyph03441', 'glyph03460', 'glyph03675', 'glyph03676', 'glyph03677', 'glyph03678', 'glyph03679', 'glyph03680', 'one', 'period', 'six', 'space', 'three', 'two', 'uni00B2', 'uni00B3', 'uni00B9', 'uni2074', 'uni2075', 'uni2076', 'yen']
2025-06-26 13:52:12,611 - fontTools.subset - INFO - Glyph IDs:   [0, 3, 17, 20, 21, 22, 23, 24, 25, 29, 150, 239, 240, 241, 3426, 3427, 3428, 3429, 3430, 3431, 3436, 3437, 3438, 3439, 3440, 3441, 3460, 3675, 3676, 3677, 3678, 3679, 3680, 3684, 3774, 3775]
2025-06-26 13:52:12,612 - fontTools.subset - INFO - Closing glyph list over 'glyf': 36 glyphs before
2025-06-26 13:52:12,612 - fontTools.subset - INFO - Glyph names: ['.notdef', 'colon', 'five', 'four', 'glyph03426', 'glyph03427', 'glyph03428', 'glyph03429', 'glyph03430', 'glyph03431', 'glyph03436', 'glyph03437', 'glyph03438', 'glyph03439', 'glyph03440', 'glyph03441', 'glyph03460', 'glyph03675', 'glyph03676', 'glyph03677', 'glyph03678', 'glyph03679', 'glyph03680', 'one', 'period', 'six', 'space', 'three', 'two', 'uni00B2', 'uni00B3', 'uni00B9', 'uni2074', 'uni2075', 'uni2076', 'yen']
2025-06-26 13:52:12,612 - fontTools.subset - INFO - Glyph IDs:   [0, 3, 17, 20, 21, 22, 23, 24, 25, 29, 150, 239, 240, 241, 3426, 3427, 3428, 3429, 3430, 3431, 3436, 3437, 3438, 3439, 3440, 3441, 3460, 3675, 3676, 3677, 3678, 3679, 3680, 3684, 3774, 3775]
2025-06-26 13:52:12,613 - fontTools.subset - INFO - Closed glyph list over 'glyf': 39 glyphs after
2025-06-26 13:52:12,613 - fontTools.subset - INFO - Glyph names: ['.notdef', 'colon', 'five', 'four', 'glyph03388', 'glyph03389', 'glyph03390', 'glyph03426', 'glyph03427', 'glyph03428', 'glyph03429', 'glyph03430', 'glyph03431', 'glyph03436', 'glyph03437', 'glyph03438', 'glyph03439', 'glyph03440', 'glyph03441', 'glyph03460', 'glyph03675', 'glyph03676', 'glyph03677', 'glyph03678', 'glyph03679', 'glyph03680', 'one', 'period', 'six', 'space', 'three', 'two', 'uni00B2', 'uni00B3', 'uni00B9', 'uni2074', 'uni2075', 'uni2076', 'yen']
2025-06-26 13:52:12,613 - fontTools.subset - INFO - Glyph IDs:   [0, 3, 17, 20, 21, 22, 23, 24, 25, 29, 150, 239, 240, 241, 3388, 3389, 3390, 3426, 3427, 3428, 3429, 3430, 3431, 3436, 3437, 3438, 3439, 3440, 3441, 3460, 3675, 3676, 3677, 3678, 3679, 3680, 3684, 3774, 3775]
2025-06-26 13:52:12,613 - fontTools.subset - INFO - Retaining 39 glyphs
2025-06-26 13:52:12,614 - fontTools.subset - INFO - head subsetting not needed
2025-06-26 13:52:12,614 - fontTools.subset - INFO - hhea subsetting not needed
2025-06-26 13:52:12,614 - fontTools.subset - INFO - maxp subsetting not needed
2025-06-26 13:52:12,614 - fontTools.subset - INFO - OS/2 subsetting not needed
2025-06-26 13:52:12,615 - fontTools.subset - INFO - hmtx subsetted
2025-06-26 13:52:12,616 - fontTools.subset - INFO - VDMX subsetting not needed
2025-06-26 13:52:12,618 - fontTools.subset - INFO - hdmx subsetted
2025-06-26 13:52:12,620 - fontTools.subset - INFO - cmap subsetted
2025-06-26 13:52:12,620 - fontTools.subset - INFO - fpgm subsetting not needed
2025-06-26 13:52:12,620 - fontTools.subset - INFO - prep subsetting not needed
2025-06-26 13:52:12,620 - fontTools.subset - INFO - cvt  subsetting not needed
2025-06-26 13:52:12,621 - fontTools.subset - INFO - loca subsetting not needed
2025-06-26 13:52:12,621 - fontTools.subset - INFO - post subsetted
2025-06-26 13:52:12,621 - fontTools.subset - INFO - gasp subsetting not needed
2025-06-26 13:52:12,621 - fontTools.subset - WARNING - meta NOT subset; don't know how to subset; dropped
2025-06-26 13:52:12,624 - fontTools.subset - INFO - GDEF subsetted
2025-06-26 13:52:12,630 - fontTools.subset - INFO - GPOS subsetted
2025-06-26 13:52:12,632 - fontTools.subset - INFO - GSUB subsetted
2025-06-26 13:52:12,632 - fontTools.subset - INFO - name subsetting not needed
2025-06-26 13:52:12,635 - fontTools.subset - INFO - glyf subsetted
2025-06-26 13:52:12,636 - fontTools.subset - INFO - head pruned
2025-06-26 13:52:12,637 - fontTools.subset - INFO - OS/2 Unicode ranges pruned: [0, 1]
2025-06-26 13:52:12,637 - fontTools.subset - INFO - OS/2 CodePage ranges pruned: [0]
2025-06-26 13:52:12,638 - fontTools.subset - INFO - glyf pruned
2025-06-26 13:52:12,638 - fontTools.subset - INFO - GDEF pruned
2025-06-26 13:52:12,638 - fontTools.subset - INFO - GPOS pruned
2025-06-26 13:52:12,639 - fontTools.subset - INFO - GSUB pruned
2025-06-26 13:52:12,642 - fontTools.subset - INFO - name pruned
2025-06-26 13:52:12,664 - root - INFO - 成功创建字体子集: 17 个字符, 格式: ttf
2025-06-26 13:52:12,665 - root - INFO - 缓存字体文件: 3dd2114e7319560aba807499d9e028e1 -> 3dd2114e7319560aba807499d9e028e1_1750917132.ttf
2025-06-26 13:52:12,676 - werkzeug - INFO - 127.0.0.1 - - [26/Jun/2025 13:52:12] "POST /api/font/subset/english\\Arial.ttf HTTP/1.1" 200 -
2025-06-26 13:52:14,711 - fontTools.subset - INFO - maxp pruned
2025-06-26 13:52:14,712 - fontTools.subset - INFO - LTSH dropped
2025-06-26 13:52:14,712 - fontTools.subset - INFO - cmap pruned
2025-06-26 13:52:14,713 - fontTools.subset - INFO - kern dropped
2025-06-26 13:52:14,713 - fontTools.subset - INFO - post pruned
2025-06-26 13:52:14,714 - fontTools.subset - INFO - PCLT dropped
2025-06-26 13:52:14,714 - fontTools.subset - INFO - JSTF dropped
2025-06-26 13:52:14,714 - fontTools.subset - INFO - DSIG dropped
2025-06-26 13:52:14,880 - fontTools.subset - INFO - GPOS pruned
2025-06-26 13:52:14,900 - fontTools.subset - INFO - GSUB pruned
2025-06-26 13:52:14,908 - fontTools.subset - INFO - glyf pruned
2025-06-26 13:52:14,910 - fontTools.subset - INFO - Missing glyphs for requested Unicodes: ['U+5EA6', 'U+6E7F']
2025-06-26 13:52:14,911 - fontTools.subset - INFO - Added gid0 to subset
2025-06-26 13:52:14,911 - fontTools.subset - INFO - Closing glyph list over 'GSUB': 19 glyphs before
2025-06-26 13:52:14,911 - fontTools.subset - INFO - Glyph names: ['.notdef', 'C', 'T', 'a', 'colon', 'degree', 'e', 'eight', 'five', 'm', 'p', 'percent', 'period', 'r', 'six', 'space', 't', 'two', 'u']
2025-06-26 13:52:14,912 - fontTools.subset - INFO - Glyph IDs:   [0, 3, 8, 17, 21, 24, 25, 27, 29, 38, 55, 68, 72, 80, 83, 85, 87, 88, 131]
2025-06-26 13:52:14,915 - fontTools.subset - INFO - Closed glyph list over 'GSUB': 52 glyphs after
2025-06-26 13:52:14,916 - fontTools.subset - INFO - Glyph names: ['.notdef', 'C', 'P', 'R', 'T', 'a', 'colon', 'degree', 'e', 'eight', 'five', 'glyph03427', 'glyph03430', 'glyph03431', 'glyph03433', 'glyph03437', 'glyph03440', 'glyph03441', 'glyph03443', 'glyph03445', 'glyph03446', 'glyph03448', 'glyph03449', 'glyph03453', 'glyph03458', 'glyph03460', 'glyph03465', 'glyph03467', 'glyph03469', 'glyph03477', 'glyph03480', 'glyph03482', 'glyph03484', 'glyph03485', 'glyph03676', 'glyph03679', 'glyph03680', 'glyph03682', 'm', 'p', 'percent', 'period', 'r', 'six', 'space', 't', 'two', 'u', 'uni00B2', 'uni2075', 'uni2076', 'uni2078']
2025-06-26 13:52:14,917 - fontTools.subset - INFO - Glyph IDs:   [0, 3, 8, 17, 21, 24, 25, 27, 29, 38, 51, 53, 55, 68, 72, 80, 83, 85, 87, 88, 131, 240, 3427, 3430, 3431, 3433, 3437, 3440, 3441, 3443, 3445, 3446, 3448, 3449, 3453, 3458, 3460, 3465, 3467, 3469, 3477, 3480, 3482, 3484, 3485, 3676, 3679, 3680, 3682, 3684, 3775, 3777]
2025-06-26 13:52:14,918 - fontTools.subset - INFO - Closing glyph list over 'glyf': 52 glyphs before
2025-06-26 13:52:14,918 - fontTools.subset - INFO - Glyph names: ['.notdef', 'C', 'P', 'R', 'T', 'a', 'colon', 'degree', 'e', 'eight', 'five', 'glyph03427', 'glyph03430', 'glyph03431', 'glyph03433', 'glyph03437', 'glyph03440', 'glyph03441', 'glyph03443', 'glyph03445', 'glyph03446', 'glyph03448', 'glyph03449', 'glyph03453', 'glyph03458', 'glyph03460', 'glyph03465', 'glyph03467', 'glyph03469', 'glyph03477', 'glyph03480', 'glyph03482', 'glyph03484', 'glyph03485', 'glyph03676', 'glyph03679', 'glyph03680', 'glyph03682', 'm', 'p', 'percent', 'period', 'r', 'six', 'space', 't', 'two', 'u', 'uni00B2', 'uni2075', 'uni2076', 'uni2078']
2025-06-26 13:52:14,919 - fontTools.subset - INFO - Glyph IDs:   [0, 3, 8, 17, 21, 24, 25, 27, 29, 38, 51, 53, 55, 68, 72, 80, 83, 85, 87, 88, 131, 240, 3427, 3430, 3431, 3433, 3437, 3440, 3441, 3443, 3445, 3446, 3448, 3449, 3453, 3458, 3460, 3465, 3467, 3469, 3477, 3480, 3482, 3484, 3485, 3676, 3679, 3680, 3682, 3684, 3775, 3777]
2025-06-26 13:52:14,919 - fontTools.subset - INFO - Closed glyph list over 'glyf': 55 glyphs after
2025-06-26 13:52:14,919 - fontTools.subset - INFO - Glyph names: ['.notdef', 'C', 'P', 'R', 'T', 'a', 'colon', 'degree', 'e', 'eight', 'five', 'glyph03389', 'glyph03390', 'glyph03392', 'glyph03427', 'glyph03430', 'glyph03431', 'glyph03433', 'glyph03437', 'glyph03440', 'glyph03441', 'glyph03443', 'glyph03445', 'glyph03446', 'glyph03448', 'glyph03449', 'glyph03453', 'glyph03458', 'glyph03460', 'glyph03465', 'glyph03467', 'glyph03469', 'glyph03477', 'glyph03480', 'glyph03482', 'glyph03484', 'glyph03485', 'glyph03676', 'glyph03679', 'glyph03680', 'glyph03682', 'm', 'p', 'percent', 'period', 'r', 'six', 'space', 't', 'two', 'u', 'uni00B2', 'uni2075', 'uni2076', 'uni2078']
2025-06-26 13:52:14,919 - fontTools.subset - INFO - Glyph IDs:   [0, 3, 8, 17, 21, 24, 25, 27, 29, 38, 51, 53, 55, 68, 72, 80, 83, 85, 87, 88, 131, 240, 3389, 3390, 3392, 3427, 3430, 3431, 3433, 3437, 3440, 3441, 3443, 3445, 3446, 3448, 3449, 3453, 3458, 3460, 3465, 3467, 3469, 3477, 3480, 3482, 3484, 3485, 3676, 3679, 3680, 3682, 3684, 3775, 3777]
2025-06-26 13:52:14,920 - fontTools.subset - INFO - Retaining 55 glyphs
2025-06-26 13:52:14,920 - fontTools.subset - INFO - head subsetting not needed
2025-06-26 13:52:14,920 - fontTools.subset - INFO - hhea subsetting not needed
2025-06-26 13:52:14,920 - fontTools.subset - INFO - maxp subsetting not needed
2025-06-26 13:52:14,920 - fontTools.subset - INFO - OS/2 subsetting not needed
2025-06-26 13:52:14,922 - fontTools.subset - INFO - hmtx subsetted
2025-06-26 13:52:14,922 - fontTools.subset - INFO - VDMX subsetting not needed
2025-06-26 13:52:14,924 - fontTools.subset - INFO - hdmx subsetted
2025-06-26 13:52:14,925 - fontTools.subset - INFO - cmap subsetted
2025-06-26 13:52:14,925 - fontTools.subset - INFO - fpgm subsetting not needed
2025-06-26 13:52:14,925 - fontTools.subset - INFO - prep subsetting not needed
2025-06-26 13:52:14,925 - fontTools.subset - INFO - cvt  subsetting not needed
2025-06-26 13:52:14,925 - fontTools.subset - INFO - loca subsetting not needed
2025-06-26 13:52:14,926 - fontTools.subset - INFO - post subsetted
2025-06-26 13:52:14,926 - fontTools.subset - INFO - gasp subsetting not needed
2025-06-26 13:52:14,926 - fontTools.subset - WARNING - meta NOT subset; don't know how to subset; dropped
2025-06-26 13:52:14,928 - fontTools.subset - INFO - GDEF subsetted
2025-06-26 13:52:14,936 - fontTools.subset - INFO - GPOS subsetted
2025-06-26 13:52:14,938 - fontTools.subset - INFO - GSUB subsetted
2025-06-26 13:52:14,938 - fontTools.subset - INFO - name subsetting not needed
2025-06-26 13:52:14,939 - fontTools.subset - INFO - glyf subsetted
2025-06-26 13:52:14,939 - fontTools.subset - INFO - head pruned
2025-06-26 13:52:14,940 - fontTools.subset - INFO - OS/2 Unicode ranges pruned: [0, 1]
2025-06-26 13:52:14,940 - fontTools.subset - INFO - OS/2 CodePage ranges pruned: [0]
2025-06-26 13:52:14,940 - fontTools.subset - INFO - glyf pruned
2025-06-26 13:52:14,941 - fontTools.subset - INFO - GDEF pruned
2025-06-26 13:52:14,942 - fontTools.subset - INFO - GPOS pruned
2025-06-26 13:52:14,943 - fontTools.subset - INFO - GSUB pruned
2025-06-26 13:52:14,949 - fontTools.subset - INFO - name pruned
2025-06-26 13:52:14,987 - root - INFO - 成功创建字体子集: 20 个字符, 格式: ttf
2025-06-26 13:52:14,988 - root - INFO - 缓存字体文件: c0029c9a352a16258741645dcc5d9ecc -> c0029c9a352a16258741645dcc5d9ecc_1750917134.ttf
2025-06-26 13:52:15,003 - werkzeug - INFO - 127.0.0.1 - - [26/Jun/2025 13:52:15] "POST /api/font/subset/english\\Arial.ttf HTTP/1.1" 200 -
2025-06-26 13:52:17,056 - fontTools.subset - INFO - maxp pruned
2025-06-26 13:52:17,056 - fontTools.subset - INFO - LTSH dropped
2025-06-26 13:52:17,057 - fontTools.subset - INFO - cmap pruned
2025-06-26 13:52:17,057 - fontTools.subset - INFO - kern dropped
2025-06-26 13:52:17,057 - fontTools.subset - INFO - post pruned
2025-06-26 13:52:17,057 - fontTools.subset - INFO - PCLT dropped
2025-06-26 13:52:17,057 - fontTools.subset - INFO - JSTF dropped
2025-06-26 13:52:17,057 - fontTools.subset - INFO - DSIG dropped
2025-06-26 13:52:17,240 - fontTools.subset - INFO - GPOS pruned
2025-06-26 13:52:17,258 - fontTools.subset - INFO - GSUB pruned
2025-06-26 13:52:17,262 - fontTools.subset - INFO - glyf pruned
2025-06-26 13:52:17,268 - fontTools.subset - INFO - Missing glyphs for requested Unicodes: ['U+C548', 'U+3053', 'U+3093', 'U+B155', 'U+C694', 'U+D558', 'U+4F60', 'U+3061', 'U+306B', 'U+306F', 'U+C138', 'U+597D']
2025-06-26 13:52:17,269 - fontTools.subset - INFO - Added gid0 to subset
2025-06-26 13:52:17,269 - fontTools.subset - INFO - Closing glyph list over 'GSUB': 6 glyphs before
2025-06-26 13:52:17,269 - fontTools.subset - INFO - Glyph names: ['.notdef', 'H', 'e', 'l', 'o', 'space']
2025-06-26 13:52:17,270 - fontTools.subset - INFO - Glyph IDs:   [0, 3, 43, 72, 79, 82]
2025-06-26 13:52:17,271 - fontTools.subset - INFO - Closed glyph list over 'GSUB': 15 glyphs after
2025-06-26 13:52:17,272 - fontTools.subset - INFO - Glyph names: ['.notdef', 'H', 'L', 'O', 'e', 'glyph03446', 'glyph03456', 'glyph03463', 'glyph03469', 'glyph03472', 'glyph03476', 'glyph03479', 'l', 'o', 'space']
2025-06-26 13:52:17,272 - fontTools.subset - INFO - Glyph IDs:   [0, 3, 43, 47, 50, 72, 79, 82, 3446, 3456, 3463, 3469, 3472, 3476, 3479]
2025-06-26 13:52:17,272 - fontTools.subset - INFO - Closing glyph list over 'glyf': 15 glyphs before
2025-06-26 13:52:17,272 - fontTools.subset - INFO - Glyph names: ['.notdef', 'H', 'L', 'O', 'e', 'glyph03446', 'glyph03456', 'glyph03463', 'glyph03469', 'glyph03472', 'glyph03476', 'glyph03479', 'l', 'o', 'space']
2025-06-26 13:52:17,272 - fontTools.subset - INFO - Glyph IDs:   [0, 3, 43, 47, 50, 72, 79, 82, 3446, 3456, 3463, 3469, 3472, 3476, 3479]
2025-06-26 13:52:17,272 - fontTools.subset - INFO - Closed glyph list over 'glyf': 15 glyphs after
2025-06-26 13:52:17,272 - fontTools.subset - INFO - Glyph names: ['.notdef', 'H', 'L', 'O', 'e', 'glyph03446', 'glyph03456', 'glyph03463', 'glyph03469', 'glyph03472', 'glyph03476', 'glyph03479', 'l', 'o', 'space']
2025-06-26 13:52:17,273 - fontTools.subset - INFO - Glyph IDs:   [0, 3, 43, 47, 50, 72, 79, 82, 3446, 3456, 3463, 3469, 3472, 3476, 3479]
2025-06-26 13:52:17,273 - fontTools.subset - INFO - Retaining 15 glyphs
2025-06-26 13:52:17,273 - fontTools.subset - INFO - head subsetting not needed
2025-06-26 13:52:17,273 - fontTools.subset - INFO - hhea subsetting not needed
2025-06-26 13:52:17,273 - fontTools.subset - INFO - maxp subsetting not needed
2025-06-26 13:52:17,274 - fontTools.subset - INFO - OS/2 subsetting not needed
2025-06-26 13:52:17,281 - fontTools.subset - INFO - hmtx subsetted
2025-06-26 13:52:17,282 - fontTools.subset - INFO - VDMX subsetting not needed
2025-06-26 13:52:17,284 - fontTools.subset - INFO - hdmx subsetted
2025-06-26 13:52:17,285 - fontTools.subset - INFO - cmap subsetted
2025-06-26 13:52:17,285 - fontTools.subset - INFO - fpgm subsetting not needed
2025-06-26 13:52:17,285 - fontTools.subset - INFO - prep subsetting not needed
2025-06-26 13:52:17,285 - fontTools.subset - INFO - cvt  subsetting not needed
2025-06-26 13:52:17,285 - fontTools.subset - INFO - loca subsetting not needed
2025-06-26 13:52:17,285 - fontTools.subset - INFO - post subsetted
2025-06-26 13:52:17,286 - fontTools.subset - INFO - gasp subsetting not needed
2025-06-26 13:52:17,286 - fontTools.subset - WARNING - meta NOT subset; don't know how to subset; dropped
2025-06-26 13:52:17,288 - fontTools.subset - INFO - GDEF subsetted
2025-06-26 13:52:17,299 - fontTools.subset - INFO - GPOS subsetted
2025-06-26 13:52:17,302 - fontTools.subset - INFO - GSUB subsetted
2025-06-26 13:52:17,303 - fontTools.subset - INFO - name subsetting not needed
2025-06-26 13:52:17,307 - fontTools.subset - INFO - glyf subsetted
2025-06-26 13:52:17,308 - fontTools.subset - INFO - head pruned
2025-06-26 13:52:17,308 - fontTools.subset - INFO - OS/2 Unicode ranges pruned: [0]
2025-06-26 13:52:17,308 - fontTools.subset - INFO - OS/2 CodePage ranges pruned: [0]
2025-06-26 13:52:17,309 - fontTools.subset - INFO - glyf pruned
2025-06-26 13:52:17,309 - fontTools.subset - INFO - GDEF pruned
2025-06-26 13:52:17,309 - fontTools.subset - INFO - GPOS pruned
2025-06-26 13:52:17,310 - fontTools.subset - INFO - GSUB pruned
2025-06-26 13:52:17,313 - fontTools.subset - INFO - name pruned
2025-06-26 13:52:17,333 - root - INFO - 成功创建字体子集: 17 个字符, 格式: ttf
2025-06-26 13:52:17,335 - root - INFO - 缓存字体文件: 1d0ebf5b262f21f79e9ccf795cde5738 -> 1d0ebf5b262f21f79e9ccf795cde5738_1750917137.ttf
2025-06-26 13:52:17,340 - werkzeug - INFO - 127.0.0.1 - - [26/Jun/2025 13:52:17] "POST /api/font/subset/english\\Arial.ttf HTTP/1.1" 200 -
2025-06-26 13:52:19,376 - fontTools.subset - INFO - maxp pruned
2025-06-26 13:52:19,377 - fontTools.subset - INFO - LTSH dropped
2025-06-26 13:52:19,377 - fontTools.subset - INFO - cmap pruned
2025-06-26 13:52:19,377 - fontTools.subset - INFO - kern dropped
2025-06-26 13:52:19,377 - fontTools.subset - INFO - post pruned
2025-06-26 13:52:19,378 - fontTools.subset - INFO - PCLT dropped
2025-06-26 13:52:19,378 - fontTools.subset - INFO - JSTF dropped
2025-06-26 13:52:19,378 - fontTools.subset - INFO - DSIG dropped
2025-06-26 13:52:19,538 - fontTools.subset - INFO - GPOS pruned
2025-06-26 13:52:19,558 - fontTools.subset - INFO - GSUB pruned
2025-06-26 13:52:19,598 - fontTools.subset - INFO - glyf pruned
2025-06-26 13:52:19,602 - fontTools.subset - INFO - Added gid0 to subset
2025-06-26 13:52:19,603 - fontTools.subset - INFO - Closing glyph list over 'GSUB': 10 glyphs before
2025-06-26 13:52:19,603 - fontTools.subset - INFO - Glyph names: ['.notdef', 'colon', 'five', 'four', 'hyphen', 'one', 'space', 'three', 'two', 'zero']
2025-06-26 13:52:19,603 - fontTools.subset - INFO - Glyph IDs:   [0, 3, 16, 19, 20, 21, 22, 23, 24, 29]
2025-06-26 13:52:19,605 - fontTools.subset - INFO - Closed glyph list over 'GSUB': 34 glyphs after
2025-06-26 13:52:19,605 - fontTools.subset - INFO - Glyph names: ['.notdef', 'colon', 'five', 'four', 'glyph03425', 'glyph03426', 'glyph03427', 'glyph03428', 'glyph03429', 'glyph03430', 'glyph03435', 'glyph03436', 'glyph03437', 'glyph03438', 'glyph03439', 'glyph03440', 'glyph03674', 'glyph03675', 'glyph03676', 'glyph03677', 'glyph03678', 'glyph03679', 'hyphen', 'one', 'space', 'three', 'two', 'uni00B2', 'uni00B3', 'uni00B9', 'uni2070', 'uni2074', 'uni2075', 'zero']
2025-06-26 13:52:19,606 - fontTools.subset - INFO - Glyph IDs:   [0, 3, 16, 19, 20, 21, 22, 23, 24, 29, 239, 240, 241, 3425, 3426, 3427, 3428, 3429, 3430, 3435, 3436, 3437, 3438, 3439, 3440, 3674, 3675, 3676, 3677, 3678, 3679, 3686, 3774, 3775]
2025-06-26 13:52:19,606 - fontTools.subset - INFO - Closing glyph list over 'glyf': 34 glyphs before
2025-06-26 13:52:19,606 - fontTools.subset - INFO - Glyph names: ['.notdef', 'colon', 'five', 'four', 'glyph03425', 'glyph03426', 'glyph03427', 'glyph03428', 'glyph03429', 'glyph03430', 'glyph03435', 'glyph03436', 'glyph03437', 'glyph03438', 'glyph03439', 'glyph03440', 'glyph03674', 'glyph03675', 'glyph03676', 'glyph03677', 'glyph03678', 'glyph03679', 'hyphen', 'one', 'space', 'three', 'two', 'uni00B2', 'uni00B3', 'uni00B9', 'uni2070', 'uni2074', 'uni2075', 'zero']
2025-06-26 13:52:19,607 - fontTools.subset - INFO - Glyph IDs:   [0, 3, 16, 19, 20, 21, 22, 23, 24, 29, 239, 240, 241, 3425, 3426, 3427, 3428, 3429, 3430, 3435, 3436, 3437, 3438, 3439, 3440, 3674, 3675, 3676, 3677, 3678, 3679, 3686, 3774, 3775]
2025-06-26 13:52:19,607 - fontTools.subset - INFO - Closed glyph list over 'glyf': 37 glyphs after
2025-06-26 13:52:19,607 - fontTools.subset - INFO - Glyph names: ['.notdef', 'colon', 'five', 'four', 'glyph03384', 'glyph03388', 'glyph03389', 'glyph03425', 'glyph03426', 'glyph03427', 'glyph03428', 'glyph03429', 'glyph03430', 'glyph03435', 'glyph03436', 'glyph03437', 'glyph03438', 'glyph03439', 'glyph03440', 'glyph03674', 'glyph03675', 'glyph03676', 'glyph03677', 'glyph03678', 'glyph03679', 'hyphen', 'one', 'space', 'three', 'two', 'uni00B2', 'uni00B3', 'uni00B9', 'uni2070', 'uni2074', 'uni2075', 'zero']
2025-06-26 13:52:19,607 - fontTools.subset - INFO - Glyph IDs:   [0, 3, 16, 19, 20, 21, 22, 23, 24, 29, 239, 240, 241, 3384, 3388, 3389, 3425, 3426, 3427, 3428, 3429, 3430, 3435, 3436, 3437, 3438, 3439, 3440, 3674, 3675, 3676, 3677, 3678, 3679, 3686, 3774, 3775]
2025-06-26 13:52:19,607 - fontTools.subset - INFO - Retaining 37 glyphs
2025-06-26 13:52:19,608 - fontTools.subset - INFO - head subsetting not needed
2025-06-26 13:52:19,608 - fontTools.subset - INFO - hhea subsetting not needed
2025-06-26 13:52:19,608 - fontTools.subset - INFO - maxp subsetting not needed
2025-06-26 13:52:19,608 - fontTools.subset - INFO - OS/2 subsetting not needed
2025-06-26 13:52:19,611 - fontTools.subset - INFO - hmtx subsetted
2025-06-26 13:52:19,612 - fontTools.subset - INFO - VDMX subsetting not needed
2025-06-26 13:52:19,615 - fontTools.subset - INFO - hdmx subsetted
2025-06-26 13:52:19,616 - fontTools.subset - INFO - cmap subsetted
2025-06-26 13:52:19,616 - fontTools.subset - INFO - fpgm subsetting not needed
2025-06-26 13:52:19,616 - fontTools.subset - INFO - prep subsetting not needed
2025-06-26 13:52:19,616 - fontTools.subset - INFO - cvt  subsetting not needed
2025-06-26 13:52:19,616 - fontTools.subset - INFO - loca subsetting not needed
2025-06-26 13:52:19,616 - fontTools.subset - INFO - post subsetted
2025-06-26 13:52:19,616 - fontTools.subset - INFO - gasp subsetting not needed
2025-06-26 13:52:19,616 - fontTools.subset - WARNING - meta NOT subset; don't know how to subset; dropped
2025-06-26 13:52:19,618 - fontTools.subset - INFO - GDEF subsetted
2025-06-26 13:52:19,625 - fontTools.subset - INFO - GPOS subsetted
2025-06-26 13:52:19,628 - fontTools.subset - INFO - GSUB subsetted
2025-06-26 13:52:19,628 - fontTools.subset - INFO - name subsetting not needed
2025-06-26 13:52:19,629 - fontTools.subset - INFO - glyf subsetted
2025-06-26 13:52:19,630 - fontTools.subset - INFO - head pruned
2025-06-26 13:52:19,630 - fontTools.subset - INFO - OS/2 Unicode ranges pruned: [0]
2025-06-26 13:52:19,630 - fontTools.subset - INFO - OS/2 CodePage ranges pruned: [0]
2025-06-26 13:52:19,630 - fontTools.subset - INFO - glyf pruned
2025-06-26 13:52:19,631 - fontTools.subset - INFO - GDEF pruned
2025-06-26 13:52:19,631 - fontTools.subset - INFO - GPOS pruned
2025-06-26 13:52:19,631 - fontTools.subset - INFO - GSUB pruned
2025-06-26 13:52:19,635 - fontTools.subset - INFO - name pruned
2025-06-26 13:52:19,657 - root - INFO - 成功创建字体子集: 9 个字符, 格式: ttf
2025-06-26 13:52:19,658 - root - INFO - 缓存字体文件: 55b8bfdbb30d5964d90dc012ccb41f30 -> 55b8bfdbb30d5964d90dc012ccb41f30_1750917139.ttf
2025-06-26 13:52:19,670 - werkzeug - INFO - 127.0.0.1 - - [26/Jun/2025 13:52:19] "POST /api/font/subset/english\\Arial.ttf HTTP/1.1" 200 -
2025-06-26 13:54:01,536 - werkzeug - INFO - 127.0.0.1 - - [26/Jun/2025 13:54:01] "[33mGET / HTTP/1.1[0m" 404 -
2025-06-26 13:57:08,340 - werkzeug - INFO - 127.0.0.1 - - [26/Jun/2025 13:57:08] "[31m[1mPOST /api/fonts HTTP/1.1[0m" 405 -
2025-06-26 13:59:43,375 - werkzeug - INFO - 127.0.0.1 - - [26/Jun/2025 13:59:43] "[31m[1mPOST /api/fonts HTTP/1.1[0m" 405 -
2025-06-26 14:00:04,782 - werkzeug - INFO - 127.0.0.1 - - [26/Jun/2025 14:00:04] "GET /api/fonts HTTP/1.1" 200 -
2025-06-26 14:01:22,722 - werkzeug - INFO - 127.0.0.1 - - [26/Jun/2025 14:01:22] "GET /api/fonts HTTP/1.1" 200 -
2025-06-26 14:01:57,011 - werkzeug - INFO - 127.0.0.1 - - [26/Jun/2025 14:01:57] "GET /api/fonts HTTP/1.1" 200 -
2025-06-26 14:06:50,850 - root - INFO - 移除缓存文件: d1237a44befbdd93d6dd0f4857bc738f
2025-06-26 14:06:50,851 - root - INFO - 移除缓存文件: 0234d5460b7b26363b5eba7663f29336
2025-06-26 14:06:50,851 - root - INFO - 移除缓存文件: 78eff8a2682b7aa71ee5379a3ba66ffb
2025-06-26 14:06:50,852 - root - INFO - 移除缓存文件: 23cf275f8bd5a20ddb48bd1baf48baa8
2025-06-26 14:06:50,852 - root - INFO - 移除缓存文件: ebf3d1e8945e54d7eb3552d8a56b2a92
2025-06-26 14:06:50,852 - root - INFO - 移除缓存文件: e1b8e01075572ac0b56940aaba9fb0bd
2025-06-26 14:07:00,184 - werkzeug - INFO - 127.0.0.1 - - [26/Jun/2025 14:07:00] "GET /api/fonts HTTP/1.1" 200 -
2025-06-26 14:09:04,946 - werkzeug - INFO - 127.0.0.1 - - [26/Jun/2025 14:09:04] "GET /api/fonts HTTP/1.1" 200 -
2025-06-26 14:10:33,713 - werkzeug - INFO - 127.0.0.1 - - [26/Jun/2025 14:10:33] "GET /api/fonts HTTP/1.1" 200 -
2025-06-26 14:11:00,158 - werkzeug - INFO - 127.0.0.1 - - [26/Jun/2025 14:11:00] "GET /api/fonts HTTP/1.1" 200 -
2025-06-26 14:11:53,382 - werkzeug - INFO - 127.0.0.1 - - [26/Jun/2025 14:11:53] "GET /api/fonts HTTP/1.1" 200 -
2025-06-26 14:11:55,412 - fontTools.subset - INFO - maxp pruned
2025-06-26 14:11:55,412 - fontTools.subset - INFO - LTSH dropped
2025-06-26 14:11:55,413 - fontTools.subset - INFO - cmap pruned
2025-06-26 14:11:55,413 - fontTools.subset - INFO - kern dropped
2025-06-26 14:11:55,414 - fontTools.subset - INFO - post pruned
2025-06-26 14:11:55,414 - fontTools.subset - INFO - PCLT dropped
2025-06-26 14:11:55,415 - fontTools.subset - INFO - JSTF dropped
2025-06-26 14:11:55,415 - fontTools.subset - INFO - DSIG dropped
2025-06-26 14:11:55,619 - fontTools.subset - INFO - GPOS pruned
2025-06-26 14:11:55,641 - fontTools.subset - INFO - GSUB pruned
2025-06-26 14:11:55,647 - fontTools.subset - INFO - glyf pruned
2025-06-26 14:11:55,650 - fontTools.subset - INFO - Missing glyphs for requested Unicodes: ['U+4E00', 'U+6587', 'U+6D4B', 'U+8BD5', 'U+5B57', 'U+8FD9', 'U+4E2A', 'U+662F']
2025-06-26 14:11:55,651 - fontTools.subset - INFO - Added gid0 to subset
2025-06-26 14:11:55,652 - fontTools.subset - INFO - Closing glyph list over 'GSUB': 9 glyphs before
2025-06-26 14:11:55,652 - fontTools.subset - INFO - Glyph names: ['.notdef', 'T', 'a', 'e', 'h', 'i', 's', 'space', 't']
2025-06-26 14:11:55,652 - fontTools.subset - INFO - Glyph IDs:   [0, 3, 55, 68, 72, 75, 76, 86, 87]
2025-06-26 14:11:55,662 - fontTools.subset - INFO - Closed glyph list over 'GSUB': 26 glyphs after
2025-06-26 14:11:55,662 - fontTools.subset - INFO - Glyph names: ['.notdef', 'H', 'I', 'S', 'T', 'a', 'e', 'glyph03445', 'glyph03446', 'glyph03450', 'glyph03453', 'glyph03458', 'glyph03462', 'glyph03464', 'glyph03465', 'glyph03469', 'glyph03472', 'glyph03473', 'glyph03483', 'glyph03484', 'glyph03548', 'h', 'i', 's', 'space', 't']
2025-06-26 14:11:55,662 - fontTools.subset - INFO - Glyph IDs:   [0, 3, 43, 44, 54, 55, 68, 72, 75, 76, 86, 87, 3445, 3446, 3450, 3453, 3458, 3462, 3464, 3465, 3469, 3472, 3473, 3483, 3484, 3548]
2025-06-26 14:11:55,663 - fontTools.subset - INFO - Closing glyph list over 'glyf': 26 glyphs before
2025-06-26 14:11:55,663 - fontTools.subset - INFO - Glyph names: ['.notdef', 'H', 'I', 'S', 'T', 'a', 'e', 'glyph03445', 'glyph03446', 'glyph03450', 'glyph03453', 'glyph03458', 'glyph03462', 'glyph03464', 'glyph03465', 'glyph03469', 'glyph03472', 'glyph03473', 'glyph03483', 'glyph03484', 'glyph03548', 'h', 'i', 's', 'space', 't']
2025-06-26 14:11:55,663 - fontTools.subset - INFO - Glyph IDs:   [0, 3, 43, 44, 54, 55, 68, 72, 75, 76, 86, 87, 3445, 3446, 3450, 3453, 3458, 3462, 3464, 3465, 3469, 3472, 3473, 3483, 3484, 3548]
2025-06-26 14:11:55,663 - fontTools.subset - INFO - Closed glyph list over 'glyf': 27 glyphs after
2025-06-26 14:11:55,663 - fontTools.subset - INFO - Glyph names: ['.notdef', 'H', 'I', 'S', 'T', 'a', 'dotaccent', 'e', 'glyph03445', 'glyph03446', 'glyph03450', 'glyph03453', 'glyph03458', 'glyph03462', 'glyph03464', 'glyph03465', 'glyph03469', 'glyph03472', 'glyph03473', 'glyph03483', 'glyph03484', 'glyph03548', 'h', 'i', 's', 'space', 't']
2025-06-26 14:11:55,663 - fontTools.subset - INFO - Glyph IDs:   [0, 3, 43, 44, 54, 55, 68, 72, 75, 76, 86, 87, 218, 3445, 3446, 3450, 3453, 3458, 3462, 3464, 3465, 3469, 3472, 3473, 3483, 3484, 3548]
2025-06-26 14:11:55,664 - fontTools.subset - INFO - Retaining 27 glyphs
2025-06-26 14:11:55,664 - fontTools.subset - INFO - head subsetting not needed
2025-06-26 14:11:55,664 - fontTools.subset - INFO - hhea subsetting not needed
2025-06-26 14:11:55,664 - fontTools.subset - INFO - maxp subsetting not needed
2025-06-26 14:11:55,664 - fontTools.subset - INFO - OS/2 subsetting not needed
2025-06-26 14:11:55,666 - fontTools.subset - INFO - hmtx subsetted
2025-06-26 14:11:55,666 - fontTools.subset - INFO - VDMX subsetting not needed
2025-06-26 14:11:55,674 - fontTools.subset - INFO - hdmx subsetted
2025-06-26 14:11:55,675 - fontTools.subset - INFO - cmap subsetted
2025-06-26 14:11:55,676 - fontTools.subset - INFO - fpgm subsetting not needed
2025-06-26 14:11:55,676 - fontTools.subset - INFO - prep subsetting not needed
2025-06-26 14:11:55,676 - fontTools.subset - INFO - cvt  subsetting not needed
2025-06-26 14:11:55,677 - fontTools.subset - INFO - loca subsetting not needed
2025-06-26 14:11:55,677 - fontTools.subset - INFO - post subsetted
2025-06-26 14:11:55,677 - fontTools.subset - INFO - gasp subsetting not needed
2025-06-26 14:11:55,677 - fontTools.subset - WARNING - meta NOT subset; don't know how to subset; dropped
2025-06-26 14:11:55,678 - fontTools.subset - INFO - GDEF subsetted
2025-06-26 14:11:55,715 - fontTools.subset - INFO - GPOS subsetted
2025-06-26 14:11:55,731 - fontTools.subset - INFO - GSUB subsetted
2025-06-26 14:11:55,732 - fontTools.subset - INFO - name subsetting not needed
2025-06-26 14:11:55,742 - fontTools.subset - INFO - glyf subsetted
2025-06-26 14:11:55,746 - fontTools.subset - INFO - head pruned
2025-06-26 14:11:55,755 - fontTools.subset - INFO - OS/2 Unicode ranges pruned: [0]
2025-06-26 14:11:55,758 - fontTools.subset - INFO - OS/2 CodePage ranges pruned: [0]
2025-06-26 14:11:55,765 - fontTools.subset - INFO - glyf pruned
2025-06-26 14:11:55,767 - fontTools.subset - INFO - GDEF pruned
2025-06-26 14:11:55,770 - fontTools.subset - INFO - GPOS pruned
2025-06-26 14:11:55,776 - fontTools.subset - INFO - GSUB pruned
2025-06-26 14:11:55,796 - fontTools.subset - INFO - name pruned
2025-06-26 14:11:55,852 - root - INFO - 成功创建字体子集: 16 个字符, 格式: ttf
2025-06-26 14:11:55,856 - root - INFO - 缓存字体文件: 075a9c64b9eef5264d54d30d0fa85dba -> 075a9c64b9eef5264d54d30d0fa85dba_1750918315.ttf
2025-06-26 14:11:55,889 - werkzeug - INFO - 127.0.0.1 - - [26/Jun/2025 14:11:55] "POST /api/font/subset/english\\Arial.ttf HTTP/1.1" 200 -
2025-06-26 14:12:04,440 - werkzeug - INFO - 127.0.0.1 - - [26/Jun/2025 14:12:04] "GET /api/fonts HTTP/1.1" 200 -
2025-06-26 14:12:06,476 - root - INFO - 使用缓存字体文件: 075a9c64b9eef5264d54d30d0fa85dba
2025-06-26 14:12:06,477 - werkzeug - INFO - 127.0.0.1 - - [26/Jun/2025 14:12:06] "POST /api/font/subset/english\\Arial.ttf HTTP/1.1" 200 -
2025-06-26 14:17:28,103 - werkzeug - INFO - 127.0.0.1 - - [26/Jun/2025 14:17:28] "GET /api/fonts HTTP/1.1" 200 -
2025-06-26 14:17:30,121 - root - INFO - 使用缓存字体文件: 075a9c64b9eef5264d54d30d0fa85dba
2025-06-26 14:17:30,122 - werkzeug - INFO - 127.0.0.1 - - [26/Jun/2025 14:17:30] "POST /api/font/subset/english\\Arial.ttf HTTP/1.1" 200 -
2025-06-26 14:18:05,870 - werkzeug - INFO - 127.0.0.1 - - [26/Jun/2025 14:18:05] "GET /api/fonts HTTP/1.1" 200 -
2025-06-26 14:18:07,918 - root - INFO - 使用缓存字体文件: 075a9c64b9eef5264d54d30d0fa85dba
2025-06-26 14:18:07,919 - werkzeug - INFO - 127.0.0.1 - - [26/Jun/2025 14:18:07] "POST /api/font/subset/english\\Arial.ttf HTTP/1.1" 200 -
2025-06-26 14:18:43,777 - werkzeug - INFO - 127.0.0.1 - - [26/Jun/2025 14:18:43] "GET /api/fonts HTTP/1.1" 200 -
2025-06-26 14:18:45,798 - fontTools.subset - INFO - maxp pruned
2025-06-26 14:18:45,798 - fontTools.subset - INFO - LTSH dropped
2025-06-26 14:18:45,799 - fontTools.subset - INFO - cmap pruned
2025-06-26 14:18:45,799 - fontTools.subset - INFO - kern dropped
2025-06-26 14:18:45,799 - fontTools.subset - INFO - post pruned
2025-06-26 14:18:45,799 - fontTools.subset - INFO - PCLT dropped
2025-06-26 14:18:45,799 - fontTools.subset - INFO - JSTF dropped
2025-06-26 14:18:45,799 - fontTools.subset - INFO - DSIG dropped
2025-06-26 14:18:46,003 - fontTools.subset - INFO - GPOS pruned
2025-06-26 14:18:46,023 - fontTools.subset - INFO - GSUB pruned
2025-06-26 14:18:46,026 - fontTools.subset - INFO - glyf pruned
2025-06-26 14:18:46,029 - fontTools.subset - INFO - Added gid0 to subset
2025-06-26 14:18:46,029 - fontTools.subset - INFO - Closing glyph list over 'GSUB': 12 glyphs before
2025-06-26 14:18:46,029 - fontTools.subset - INFO - Glyph names: ['.notdef', 'H', 'W', 'd', 'e', 'l', 'o', 'one', 'r', 'space', 'three', 'two']
2025-06-26 14:18:46,030 - fontTools.subset - INFO - Glyph IDs:   [0, 3, 20, 21, 22, 43, 58, 71, 72, 79, 82, 85]
2025-06-26 14:18:46,034 - fontTools.subset - INFO - Closed glyph list over 'GSUB': 38 glyphs after
2025-06-26 14:18:46,035 - fontTools.subset - INFO - Glyph names: ['.notdef', 'D', 'H', 'L', 'O', 'R', 'W', 'd', 'e', 'glyph03426', 'glyph03427', 'glyph03428', 'glyph03436', 'glyph03437', 'glyph03438', 'glyph03446', 'glyph03456', 'glyph03463', 'glyph03468', 'glyph03469', 'glyph03472', 'glyph03476', 'glyph03479', 'glyph03482', 'glyph03487', 'glyph03675', 'glyph03676', 'glyph03677', 'l', 'o', 'one', 'r', 'space', 'three', 'two', 'uni00B2', 'uni00B3', 'uni00B9']
2025-06-26 14:18:46,035 - fontTools.subset - INFO - Glyph IDs:   [0, 3, 20, 21, 22, 39, 43, 47, 50, 53, 58, 71, 72, 79, 82, 85, 239, 240, 241, 3426, 3427, 3428, 3436, 3437, 3438, 3446, 3456, 3463, 3468, 3469, 3472, 3476, 3479, 3482, 3487, 3675, 3676, 3677]
2025-06-26 14:18:46,037 - fontTools.subset - INFO - Closing glyph list over 'glyf': 38 glyphs before
2025-06-26 14:18:46,042 - fontTools.subset - INFO - Glyph names: ['.notdef', 'D', 'H', 'L', 'O', 'R', 'W', 'd', 'e', 'glyph03426', 'glyph03427', 'glyph03428', 'glyph03436', 'glyph03437', 'glyph03438', 'glyph03446', 'glyph03456', 'glyph03463', 'glyph03468', 'glyph03469', 'glyph03472', 'glyph03476', 'glyph03479', 'glyph03482', 'glyph03487', 'glyph03675', 'glyph03676', 'glyph03677', 'l', 'o', 'one', 'r', 'space', 'three', 'two', 'uni00B2', 'uni00B3', 'uni00B9']
2025-06-26 14:18:46,043 - fontTools.subset - INFO - Glyph IDs:   [0, 3, 20, 21, 22, 39, 43, 47, 50, 53, 58, 71, 72, 79, 82, 85, 239, 240, 241, 3426, 3427, 3428, 3436, 3437, 3438, 3446, 3456, 3463, 3468, 3469, 3472, 3476, 3479, 3482, 3487, 3675, 3676, 3677]
2025-06-26 14:18:46,044 - fontTools.subset - INFO - Closed glyph list over 'glyf': 38 glyphs after
2025-06-26 14:18:46,044 - fontTools.subset - INFO - Glyph names: ['.notdef', 'D', 'H', 'L', 'O', 'R', 'W', 'd', 'e', 'glyph03426', 'glyph03427', 'glyph03428', 'glyph03436', 'glyph03437', 'glyph03438', 'glyph03446', 'glyph03456', 'glyph03463', 'glyph03468', 'glyph03469', 'glyph03472', 'glyph03476', 'glyph03479', 'glyph03482', 'glyph03487', 'glyph03675', 'glyph03676', 'glyph03677', 'l', 'o', 'one', 'r', 'space', 'three', 'two', 'uni00B2', 'uni00B3', 'uni00B9']
2025-06-26 14:18:46,045 - fontTools.subset - INFO - Glyph IDs:   [0, 3, 20, 21, 22, 39, 43, 47, 50, 53, 58, 71, 72, 79, 82, 85, 239, 240, 241, 3426, 3427, 3428, 3436, 3437, 3438, 3446, 3456, 3463, 3468, 3469, 3472, 3476, 3479, 3482, 3487, 3675, 3676, 3677]
2025-06-26 14:18:46,047 - fontTools.subset - INFO - Retaining 38 glyphs
2025-06-26 14:18:46,047 - fontTools.subset - INFO - head subsetting not needed
2025-06-26 14:18:46,048 - fontTools.subset - INFO - hhea subsetting not needed
2025-06-26 14:18:46,048 - fontTools.subset - INFO - maxp subsetting not needed
2025-06-26 14:18:46,048 - fontTools.subset - INFO - OS/2 subsetting not needed
2025-06-26 14:18:46,050 - fontTools.subset - INFO - hmtx subsetted
2025-06-26 14:18:46,051 - fontTools.subset - INFO - VDMX subsetting not needed
2025-06-26 14:18:46,053 - fontTools.subset - INFO - hdmx subsetted
2025-06-26 14:18:46,054 - fontTools.subset - INFO - cmap subsetted
2025-06-26 14:18:46,054 - fontTools.subset - INFO - fpgm subsetting not needed
2025-06-26 14:18:46,054 - fontTools.subset - INFO - prep subsetting not needed
2025-06-26 14:18:46,054 - fontTools.subset - INFO - cvt  subsetting not needed
2025-06-26 14:18:46,054 - fontTools.subset - INFO - loca subsetting not needed
2025-06-26 14:18:46,055 - fontTools.subset - INFO - post subsetted
2025-06-26 14:18:46,055 - fontTools.subset - INFO - gasp subsetting not needed
2025-06-26 14:18:46,055 - fontTools.subset - WARNING - meta NOT subset; don't know how to subset; dropped
2025-06-26 14:18:46,056 - fontTools.subset - INFO - GDEF subsetted
2025-06-26 14:18:46,065 - fontTools.subset - INFO - GPOS subsetted
2025-06-26 14:18:46,068 - fontTools.subset - INFO - GSUB subsetted
2025-06-26 14:18:46,068 - fontTools.subset - INFO - name subsetting not needed
2025-06-26 14:18:46,069 - fontTools.subset - INFO - glyf subsetted
2025-06-26 14:18:46,069 - fontTools.subset - INFO - head pruned
2025-06-26 14:18:46,070 - fontTools.subset - INFO - OS/2 Unicode ranges pruned: [0]
2025-06-26 14:18:46,071 - fontTools.subset - INFO - OS/2 CodePage ranges pruned: [0]
2025-06-26 14:18:46,072 - fontTools.subset - INFO - glyf pruned
2025-06-26 14:18:46,073 - fontTools.subset - INFO - GDEF pruned
2025-06-26 14:18:46,074 - fontTools.subset - INFO - GPOS pruned
2025-06-26 14:18:46,075 - fontTools.subset - INFO - GSUB pruned
2025-06-26 14:18:46,081 - fontTools.subset - INFO - name pruned
2025-06-26 14:18:46,104 - root - INFO - 成功创建字体子集: 11 个字符, 格式: ttf
2025-06-26 14:18:46,106 - root - INFO - 缓存字体文件: 85829c3c9928abff706e8d98567b0902 -> 85829c3c9928abff706e8d98567b0902_1750918726.ttf
2025-06-26 14:18:46,116 - werkzeug - INFO - 127.0.0.1 - - [26/Jun/2025 14:18:46] "POST /api/font/subset/english\\Arial.ttf HTTP/1.1" 200 -
2025-06-26 14:19:14,215 - root - INFO - 字体服务器初始化完成，发现 2 个字体文件
2025-06-26 14:19:14,215 - root - INFO - 字体服务器启动在 http://0.0.0.0:8889
2025-06-26 14:19:14,215 - root - INFO - API文档: http://0.0.0.0:8889/health
2025-06-26 14:19:30,742 - werkzeug - INFO - 127.0.0.1 - - [26/Jun/2025 14:19:30] "GET /api/fonts HTTP/1.1" 200 -
2025-06-26 14:19:32,784 - root - INFO - 使用缓存字体文件: 075a9c64b9eef5264d54d30d0fa85dba
2025-06-26 14:19:32,785 - werkzeug - INFO - 127.0.0.1 - - [26/Jun/2025 14:19:32] "POST /api/font/subset/english\\Arial.ttf HTTP/1.1" 200 -
2025-06-26 14:25:43,009 - werkzeug - INFO - 127.0.0.1 - - [26/Jun/2025 14:25:43] "GET /api/fonts HTTP/1.1" 200 -
2025-06-26 14:27:37,954 - root - INFO - 字体服务器初始化完成，发现 4 个字体文件
2025-06-26 14:27:37,955 - root - INFO - 字体服务器启动在 http://0.0.0.0:8889
2025-06-26 14:27:37,955 - root - INFO - API文档: http://0.0.0.0:8889/health
2025-06-26 14:27:52,237 - werkzeug - INFO - 127.0.0.1 - - [26/Jun/2025 14:27:52] "GET /api/fonts HTTP/1.1" 200 -
2025-06-26 14:27:54,302 - root - INFO - 处理TTC字体文件: fonts\chinese\宋体.ttc (使用第一个字体)
2025-06-26 14:27:54,361 - root - INFO - 字体中存在的字符: 16 / 16
2025-06-26 14:27:54,364 - fontTools.subset - INFO - maxp pruned
2025-06-26 14:27:54,364 - fontTools.subset - INFO - cmap pruned
2025-06-26 14:27:54,364 - fontTools.subset - INFO - fpgm dropped
2025-06-26 14:27:54,365 - fontTools.subset - INFO - prep dropped
2025-06-26 14:27:54,365 - fontTools.subset - INFO - cvt  dropped
2025-06-26 14:27:54,366 - fontTools.subset - INFO - post pruned
2025-06-26 14:27:54,367 - fontTools.subset - INFO - EBDT dropped
2025-06-26 14:27:54,367 - fontTools.subset - INFO - EBLC dropped
2025-06-26 14:27:54,372 - fontTools.subset - INFO - GSUB pruned
2025-06-26 14:27:54,405 - fontTools.subset - INFO - glyf pruned
2025-06-26 14:27:54,408 - fontTools.subset - INFO - Added gid0 to subset
2025-06-26 14:27:54,408 - fontTools.subset - INFO - Closing glyph list over 'GSUB': 17 glyphs before
2025-06-26 14:27:54,409 - fontTools.subset - INFO - Glyph names: ['.notdef', 'T', 'a', 'e', 'h', 'i', 's', 'space', 't', 'uni4E00', 'uni4E2A', 'uni5B57', 'uni6587', 'uni662F', 'uni6D4B', 'uni8BD5', 'uni8FD9']
2025-06-26 14:27:54,409 - fontTools.subset - INFO - Glyph IDs:   [0, 3, 55, 68, 72, 75, 76, 86, 87, 1072, 1114, 4487, 7095, 7263, 9083, 16901, 17929]
2025-06-26 14:27:54,409 - fontTools.subset - INFO - Closed glyph list over 'GSUB': 17 glyphs after
2025-06-26 14:27:54,409 - fontTools.subset - INFO - Glyph names: ['.notdef', 'T', 'a', 'e', 'h', 'i', 's', 'space', 't', 'uni4E00', 'uni4E2A', 'uni5B57', 'uni6587', 'uni662F', 'uni6D4B', 'uni8BD5', 'uni8FD9']
2025-06-26 14:27:54,409 - fontTools.subset - INFO - Glyph IDs:   [0, 3, 55, 68, 72, 75, 76, 86, 87, 1072, 1114, 4487, 7095, 7263, 9083, 16901, 17929]
2025-06-26 14:27:54,410 - fontTools.subset - INFO - Closing glyph list over 'glyf': 17 glyphs before
2025-06-26 14:27:54,410 - fontTools.subset - INFO - Glyph names: ['.notdef', 'T', 'a', 'e', 'h', 'i', 's', 'space', 't', 'uni4E00', 'uni4E2A', 'uni5B57', 'uni6587', 'uni662F', 'uni6D4B', 'uni8BD5', 'uni8FD9']
2025-06-26 14:27:54,410 - fontTools.subset - INFO - Glyph IDs:   [0, 3, 55, 68, 72, 75, 76, 86, 87, 1072, 1114, 4487, 7095, 7263, 9083, 16901, 17929]
2025-06-26 14:27:54,410 - fontTools.subset - INFO - Closed glyph list over 'glyf': 17 glyphs after
2025-06-26 14:27:54,410 - fontTools.subset - INFO - Glyph names: ['.notdef', 'T', 'a', 'e', 'h', 'i', 's', 'space', 't', 'uni4E00', 'uni4E2A', 'uni5B57', 'uni6587', 'uni662F', 'uni6D4B', 'uni8BD5', 'uni8FD9']
2025-06-26 14:27:54,410 - fontTools.subset - INFO - Glyph IDs:   [0, 3, 55, 68, 72, 75, 76, 86, 87, 1072, 1114, 4487, 7095, 7263, 9083, 16901, 17929]
2025-06-26 14:27:54,411 - fontTools.subset - INFO - Retaining 17 glyphs
2025-06-26 14:27:54,412 - fontTools.subset - INFO - head subsetting not needed
2025-06-26 14:27:54,412 - fontTools.subset - INFO - hhea subsetting not needed
2025-06-26 14:27:54,413 - fontTools.subset - INFO - maxp subsetting not needed
2025-06-26 14:27:54,413 - fontTools.subset - INFO - OS/2 subsetting not needed
2025-06-26 14:27:54,420 - fontTools.subset - INFO - hmtx subsetted
2025-06-26 14:27:54,423 - fontTools.subset - INFO - cmap subsetted
2025-06-26 14:27:54,423 - fontTools.subset - INFO - loca subsetting not needed
2025-06-26 14:27:54,423 - fontTools.subset - INFO - post subsetted
2025-06-26 14:27:54,423 - fontTools.subset - INFO - gasp subsetting not needed
2025-06-26 14:27:54,424 - fontTools.subset - WARNING - MERG NOT subset; don't know how to subset; dropped
2025-06-26 14:27:54,424 - fontTools.subset - WARNING - meta NOT subset; don't know how to subset; dropped
2025-06-26 14:27:54,424 - fontTools.subset - INFO - vhea subsetting not needed
2025-06-26 14:27:54,431 - fontTools.subset - INFO - vmtx subsetted
2025-06-26 14:27:54,432 - fontTools.subset - INFO - GDEF subsetted
2025-06-26 14:27:54,432 - fontTools.subset - INFO - GSUB subsetted
2025-06-26 14:27:54,432 - fontTools.subset - INFO - name subsetting not needed
2025-06-26 14:27:54,437 - fontTools.subset - INFO - glyf subsetted
2025-06-26 14:27:54,438 - fontTools.subset - INFO - head pruned
2025-06-26 14:27:54,438 - fontTools.subset - INFO - OS/2 Unicode ranges pruned: [0, 59]
2025-06-26 14:27:54,439 - fontTools.subset - INFO - OS/2 CodePage ranges pruned: [0]
2025-06-26 14:27:54,439 - fontTools.subset - INFO - glyf pruned
2025-06-26 14:27:54,439 - fontTools.subset - INFO - GDEF pruned to empty; dropped
2025-06-26 14:27:54,440 - fontTools.subset - INFO - GSUB pruned
2025-06-26 14:27:54,440 - fontTools.subset - INFO - name pruned
2025-06-26 14:27:54,454 - root - INFO - 成功创建字体子集: 16 个字符, 格式: ttf
2025-06-26 14:27:54,455 - root - INFO - 缓存字体文件: 355b1c207e4caa669a34c3e0dee8bb1f -> 355b1c207e4caa669a34c3e0dee8bb1f_1750919274.ttf
2025-06-26 14:27:54,458 - werkzeug - INFO - 127.0.0.1 - - [26/Jun/2025 14:27:54] "POST /api/font/subset/chinese\\宋体.ttc HTTP/1.1" 200 -
2025-06-26 14:28:40,186 - werkzeug - INFO - 127.0.0.1 - - [26/Jun/2025 14:28:40] "GET /api/fonts HTTP/1.1" 200 -
2025-06-26 14:28:42,252 - root - INFO - 处理TTC字体文件: fonts\chinese\宋体.ttc (使用第一个字体)
2025-06-26 14:28:42,296 - root - INFO - 字体中存在的字符: 8 / 8
2025-06-26 14:28:42,297 - fontTools.subset - INFO - maxp pruned
2025-06-26 14:28:42,297 - fontTools.subset - INFO - cmap pruned
2025-06-26 14:28:42,297 - fontTools.subset - INFO - fpgm dropped
2025-06-26 14:28:42,298 - fontTools.subset - INFO - prep dropped
2025-06-26 14:28:42,298 - fontTools.subset - INFO - cvt  dropped
2025-06-26 14:28:42,298 - fontTools.subset - INFO - post pruned
2025-06-26 14:28:42,298 - fontTools.subset - INFO - EBDT dropped
2025-06-26 14:28:42,298 - fontTools.subset - INFO - EBLC dropped
2025-06-26 14:28:42,301 - fontTools.subset - INFO - GSUB pruned
2025-06-26 14:28:42,332 - fontTools.subset - INFO - glyf pruned
2025-06-26 14:28:42,335 - fontTools.subset - INFO - Added gid0 to subset
2025-06-26 14:28:42,335 - fontTools.subset - INFO - Closing glyph list over 'GSUB': 9 glyphs before
2025-06-26 14:28:42,335 - fontTools.subset - INFO - Glyph names: ['.notdef', 'uni4E00', 'uni4E2A', 'uni5B57', 'uni6587', 'uni662F', 'uni6D4B', 'uni8BD5', 'uni8FD9']
2025-06-26 14:28:42,336 - fontTools.subset - INFO - Glyph IDs:   [0, 1072, 1114, 4487, 7095, 7263, 9083, 16901, 17929]
2025-06-26 14:28:42,336 - fontTools.subset - INFO - Closed glyph list over 'GSUB': 9 glyphs after
2025-06-26 14:28:42,336 - fontTools.subset - INFO - Glyph names: ['.notdef', 'uni4E00', 'uni4E2A', 'uni5B57', 'uni6587', 'uni662F', 'uni6D4B', 'uni8BD5', 'uni8FD9']
2025-06-26 14:28:42,336 - fontTools.subset - INFO - Glyph IDs:   [0, 1072, 1114, 4487, 7095, 7263, 9083, 16901, 17929]
2025-06-26 14:28:42,336 - fontTools.subset - INFO - Closing glyph list over 'glyf': 9 glyphs before
2025-06-26 14:28:42,336 - fontTools.subset - INFO - Glyph names: ['.notdef', 'uni4E00', 'uni4E2A', 'uni5B57', 'uni6587', 'uni662F', 'uni6D4B', 'uni8BD5', 'uni8FD9']
2025-06-26 14:28:42,336 - fontTools.subset - INFO - Glyph IDs:   [0, 1072, 1114, 4487, 7095, 7263, 9083, 16901, 17929]
2025-06-26 14:28:42,336 - fontTools.subset - INFO - Closed glyph list over 'glyf': 9 glyphs after
2025-06-26 14:28:42,337 - fontTools.subset - INFO - Glyph names: ['.notdef', 'uni4E00', 'uni4E2A', 'uni5B57', 'uni6587', 'uni662F', 'uni6D4B', 'uni8BD5', 'uni8FD9']
2025-06-26 14:28:42,337 - fontTools.subset - INFO - Glyph IDs:   [0, 1072, 1114, 4487, 7095, 7263, 9083, 16901, 17929]
2025-06-26 14:28:42,337 - fontTools.subset - INFO - Retaining 9 glyphs
2025-06-26 14:28:42,338 - fontTools.subset - INFO - head subsetting not needed
2025-06-26 14:28:42,339 - fontTools.subset - INFO - hhea subsetting not needed
2025-06-26 14:28:42,339 - fontTools.subset - INFO - maxp subsetting not needed
2025-06-26 14:28:42,339 - fontTools.subset - INFO - OS/2 subsetting not needed
2025-06-26 14:28:42,345 - fontTools.subset - INFO - hmtx subsetted
2025-06-26 14:28:42,348 - fontTools.subset - INFO - cmap subsetted
2025-06-26 14:28:42,348 - fontTools.subset - INFO - loca subsetting not needed
2025-06-26 14:28:42,349 - fontTools.subset - INFO - post subsetted
2025-06-26 14:28:42,349 - fontTools.subset - INFO - gasp subsetting not needed
2025-06-26 14:28:42,349 - fontTools.subset - WARNING - MERG NOT subset; don't know how to subset; dropped
2025-06-26 14:28:42,349 - fontTools.subset - WARNING - meta NOT subset; don't know how to subset; dropped
2025-06-26 14:28:42,349 - fontTools.subset - INFO - vhea subsetting not needed
2025-06-26 14:28:42,355 - fontTools.subset - INFO - vmtx subsetted
2025-06-26 14:28:42,356 - fontTools.subset - INFO - GDEF subsetted
2025-06-26 14:28:42,356 - fontTools.subset - INFO - GSUB subsetted
2025-06-26 14:28:42,356 - fontTools.subset - INFO - name subsetting not needed
2025-06-26 14:28:42,361 - fontTools.subset - INFO - glyf subsetted
2025-06-26 14:28:42,363 - fontTools.subset - INFO - head pruned
2025-06-26 14:28:42,363 - fontTools.subset - INFO - OS/2 Unicode ranges pruned: [59]
2025-06-26 14:28:42,363 - fontTools.subset - INFO - OS/2 CodePage ranges pruned: [0]
2025-06-26 14:28:42,364 - fontTools.subset - INFO - glyf pruned
2025-06-26 14:28:42,364 - fontTools.subset - INFO - GDEF pruned to empty; dropped
2025-06-26 14:28:42,364 - fontTools.subset - INFO - GSUB pruned
2025-06-26 14:28:42,364 - fontTools.subset - INFO - name pruned
2025-06-26 14:28:42,376 - root - INFO - 成功创建字体子集: 8 个字符, 格式: ttf
2025-06-26 14:28:42,379 - root - INFO - 缓存字体文件: 57c7fb9a29078515024c7396d99f2e9e -> 57c7fb9a29078515024c7396d99f2e9e_1750919322.ttf
2025-06-26 14:28:42,380 - werkzeug - INFO - 127.0.0.1 - - [26/Jun/2025 14:28:42] "POST /api/font/subset/chinese\\宋体.ttc HTTP/1.1" 200 -
2025-06-26 14:30:42,687 - werkzeug - INFO - 127.0.0.1 - - [26/Jun/2025 14:30:42] "GET /api/fonts HTTP/1.1" 200 -
2025-06-26 14:30:44,712 - root - INFO - 使用缓存字体文件: 57c7fb9a29078515024c7396d99f2e9e
2025-06-26 14:30:44,713 - werkzeug - INFO - 127.0.0.1 - - [26/Jun/2025 14:30:44] "POST /api/font/subset/chinese\\宋体.ttc HTTP/1.1" 200 -
2025-06-26 14:32:48,183 - werkzeug - INFO - 127.0.0.1 - - [26/Jun/2025 14:32:48] "GET /api/fonts HTTP/1.1" 200 -
2025-06-26 14:32:50,198 - root - INFO - 使用缓存字体文件: 57c7fb9a29078515024c7396d99f2e9e
2025-06-26 14:32:50,199 - werkzeug - INFO - 127.0.0.1 - - [26/Jun/2025 14:32:50] "POST /api/font/subset/chinese\\宋体.ttc HTTP/1.1" 200 -
2025-06-26 14:34:56,077 - werkzeug - INFO - 127.0.0.1 - - [26/Jun/2025 14:34:56] "GET /api/fonts HTTP/1.1" 200 -
2025-06-26 14:34:58,092 - root - INFO - 使用缓存字体文件: 57c7fb9a29078515024c7396d99f2e9e
2025-06-26 14:34:58,094 - werkzeug - INFO - 127.0.0.1 - - [26/Jun/2025 14:34:58] "POST /api/font/subset/chinese\\宋体.ttc HTTP/1.1" 200 -
2025-06-26 14:52:37,878 - root - INFO - 移除缓存文件: 3dd2114e7319560aba807499d9e028e1
2025-06-26 14:52:37,879 - root - INFO - 移除缓存文件: c0029c9a352a16258741645dcc5d9ecc
2025-06-26 14:52:37,879 - root - INFO - 移除缓存文件: 1d0ebf5b262f21f79e9ccf795cde5738
2025-06-26 14:52:37,880 - root - INFO - 移除缓存文件: 55b8bfdbb30d5964d90dc012ccb41f30
2025-06-26 15:12:37,883 - root - INFO - 移除缓存文件: 075a9c64b9eef5264d54d30d0fa85dba
2025-06-26 15:22:37,886 - root - INFO - 移除缓存文件: 85829c3c9928abff706e8d98567b0902
2025-06-26 15:32:37,890 - root - INFO - 移除缓存文件: 355b1c207e4caa669a34c3e0dee8bb1f
2025-06-26 15:32:37,891 - root - INFO - 移除缓存文件: 57c7fb9a29078515024c7396d99f2e9e
