2025-07-09 10:37:02,121 - INFO - ==================================================
2025-07-09 10:37:02,121 - INFO - 开始蓝牙设备综合健康检查
2025-07-09 10:37:02,121 - INFO - ==================================================
2025-07-09 10:37:02,121 - INFO - 📡 开始扫描蓝牙设备...
2025-07-09 10:37:17,258 - INFO - 🔍 扫描完成，耗时: 15.14秒
2025-07-09 10:37:17,258 - INFO - 📊 发现设备总数: 75
2025-07-09 10:37:17,260 - INFO - 📶 信号强度: -45 dBm (优秀)
2025-07-09 10:37:17,260 - INFO - ✅ 找到目标设备: BlueZ 5.50 (D4:8A:3B:88:97:8A)
2025-07-09 10:37:17,261 - INFO - 🔗 开始连接测试...
2025-07-09 10:37:18,364 - INFO - ✅ 连接成功，耗时: 1.10秒
2025-07-09 10:37:18,364 - INFO - 📊 连接状态: 已连接
2025-07-09 10:37:21,547 - INFO - 🔍 开始服务完整性检查...
2025-07-09 10:37:26,106 - ERROR - ❌ 服务检查过程中发生错误: object of type 'BleakGATTServiceCollection' has no len()
2025-07-09 10:37:26,107 - INFO - 🚀 开始性能测试...
2025-07-09 10:37:27,249 - ERROR - ❌ 性能测试失败: Could not get GATT services: Unreachable
2025-07-09 10:37:27,249 - INFO - 
==================================================
2025-07-09 10:37:27,250 - INFO - 🏥 蓝牙设备健康报告
2025-07-09 10:37:27,250 - INFO - ==================================================
2025-07-09 10:37:27,250 - INFO - 📊 扫描时间: 15.14秒
2025-07-09 10:37:27,250 - INFO - 🔗 连接时间: 1.10秒
2025-07-09 10:37:27,250 - INFO - 🛠️ 总服务数: 0
2025-07-09 10:37:27,250 - INFO - ✅ 可读特性: 0
2025-07-09 10:37:27,250 - INFO - ❌ 读取失败: 0
2025-07-09 10:37:27,250 - INFO - 💊 健康评分: 50/100
2025-07-09 10:37:27,251 - INFO - 
💡 建议:
2025-07-09 10:37:27,251 - INFO -    ❌ 设备状态较差，建议:
2025-07-09 10:37:27,251 - INFO -    - 检查设备是否正常工作
2025-07-09 10:37:27,251 - INFO -    - 检查蓝牙驱动是否正常
2025-07-09 10:37:27,251 - INFO -    - 考虑重新配对设备
2025-07-09 10:37:27,251 - INFO -    - 检查设备固件是否需要更新
2025-07-09 10:37:27,251 - INFO - 
❌ 发现的问题:
2025-07-09 10:37:27,251 - INFO -    - 服务检查错误: object of type 'BleakGATTServiceCollection' has no len()
2025-07-09 10:37:27,251 - INFO -    - 性能测试错误: Could not get GATT services: Unreachable
2025-07-09 10:39:52,211 - INFO - ==================================================
2025-07-09 10:39:52,211 - INFO - 开始蓝牙设备综合健康检查
2025-07-09 10:39:52,211 - INFO - ==================================================
2025-07-09 10:39:52,212 - INFO - 📡 开始扫描蓝牙设备...
2025-07-09 10:40:07,343 - INFO - 🔍 扫描完成，耗时: 15.13秒
2025-07-09 10:40:07,343 - INFO - 📊 发现设备总数: 80
2025-07-09 10:40:07,345 - INFO - 📶 信号强度: -44 dBm (优秀)
2025-07-09 10:40:07,345 - INFO - ✅ 找到目标设备: BlueZ 5.50 (D4:8A:3B:88:97:8A)
2025-07-09 10:40:07,345 - INFO - 🔗 开始连接测试...
2025-07-09 10:40:08,797 - INFO - ✅ 连接成功，耗时: 1.45秒
2025-07-09 10:40:08,797 - INFO - 📊 连接状态: 已连接
2025-07-09 10:40:12,010 - INFO - 🔍 开始服务完整性检查...
2025-07-09 10:40:13,334 - ERROR - ❌ 服务检查过程中发生错误: Could not get GATT services: Unreachable
2025-07-09 10:40:13,334 - INFO - 🚀 开始性能测试...
2025-07-09 10:40:18,202 - INFO -    测试 1: 连接时间 4.87秒
2025-07-09 10:40:24,412 - INFO -    测试 2: 连接时间 1.04秒
2025-07-09 10:40:31,403 - INFO -    测试 3: 连接时间 1.84秒
2025-07-09 10:40:36,583 - INFO - 📊 平均连接时间: 2.58秒
2025-07-09 10:40:36,585 - INFO - 
==================================================
2025-07-09 10:40:36,585 - INFO - 🏥 蓝牙设备健康报告
2025-07-09 10:40:36,585 - INFO - ==================================================
2025-07-09 10:40:36,585 - INFO - 📊 扫描时间: 15.13秒
2025-07-09 10:40:36,585 - INFO - 🔗 连接时间: 1.45秒
2025-07-09 10:40:36,586 - INFO - 🛠️ 总服务数: 0
2025-07-09 10:40:36,586 - INFO - ✅ 可读特性: 0
2025-07-09 10:40:36,586 - INFO - ❌ 读取失败: 0
2025-07-09 10:40:36,586 - INFO - 💊 健康评分: 60/100
2025-07-09 10:40:36,586 - INFO - 
💡 建议:
2025-07-09 10:40:36,587 - INFO -    ⚠️ 设备状态一般，建议:
2025-07-09 10:40:36,587 - INFO -    - 检查设备距离，确保在有效范围内
2025-07-09 10:40:36,587 - INFO -    - 重启设备和蓝牙适配器
2025-07-09 10:40:36,587 - INFO - 
❌ 发现的问题:
2025-07-09 10:40:36,587 - INFO -    - 服务检查错误: Could not get GATT services: Unreachable
