2025-07-10 18:46:07,219 - [ERROR] - sql_connecter:sql_connecter.py:342 - get_connection() - 获取数据库连接失败: [2025-07-10 18:46:07.219014] ConnectionError1: MySQL连接失败: (2003, "Can't connect to MySQL server on 'localhost' ([WinError 10061] 由于目标计算机积极拒绝，无法连接。)") (错误代码: 2003)
原始错误: (2003, "Can't connect to MySQL server on 'localhost' ([WinError 10061] 由于目标计算机积极拒绝，无法连接。)")
Traceback (most recent call last):
  File "F:\Project\testTool\.venv\Lib\site-packages\pymysql\connections.py", line 649, in connect
    sock = socket.create_connection(
           ^^^^^^^^^^^^^^^^^^^^^^^^^
  File "C:\Users\SHEN\AppData\Local\Programs\Python\Python312\Lib\socket.py", line 852, in create_connection
    raise exceptions[0]
  File "C:\Users\SHEN\AppData\Local\Programs\Python\Python312\Lib\socket.py", line 837, in create_connection
    sock.connect(sa)
ConnectionRefusedError: [WinError 10061] 由于目标计算机积极拒绝，无法连接。

During handling of the above exception, another exception occurred:

Traceback (most recent call last):
  File "f:\Project\testTool\sql_connecter.py", line 641, in connect
    self.connection = pymysql.connect(
                      ^^^^^^^^^^^^^^^^
  File "F:\Project\testTool\.venv\Lib\site-packages\pymysql\connections.py", line 361, in __init__
    self.connect()
  File "F:\Project\testTool\.venv\Lib\site-packages\pymysql\connections.py", line 716, in connect
    raise exc
pymysql.err.OperationalError: (2003, "Can't connect to MySQL server on 'localhost' ([WinError 10061] 由于目标计算机积极拒绝，无法连接。)")

During handling of the above exception, another exception occurred:

Traceback (most recent call last):
  File "f:\Project\testTool\sql_connecter.py", line 338, in get_connection
    connector.connect()
  File "f:\Project\testTool\sql_connecter.py", line 685, in connect
    raise ConnectionError1(f"MySQL连接失败: {str(e)}", error_code=error_code, original_error=e)
ConnectionError1: [2025-07-10 18:46:07.219014] ConnectionError1: MySQL连接失败: (2003, "Can't connect to MySQL server on 'localhost' ([WinError 10061] 由于目标计算机积极拒绝，无法连接。)") (错误代码: 2003)
原始错误: (2003, "Can't connect to MySQL server on 'localhost' ([WinError 10061] 由于目标计算机积极拒绝，无法连接。)")
2025-07-10 18:46:07,220 - [INFO] - sql_connecter:sql_connecter.py:703 - disconnect() - MySQL连接已关闭
